Using pre-set license
Built from '2020.3/staging' branch; Version is '2020.3.32f1 (12f8b0834f07) revision 1243312'; Using compiler version '192528614'; Build Type 'Release'
OS: 'Windows 10  (10.0.19045) 64bit Core' Language: 'da' Physical Memory: 16310 MB
BatchMode: 1, IsHumanControllingUs: 0, StartBugReporterOnCrash: 0, Is64bit: 1, IsPro: 0

COMMAND LINE ARGUMENTS:
C:\Program Files\Unity\Hub\Editor\2020.3.32f1\Editor\Unity.exe
-adb2
-batchMode
-noUpm
-name
AssetImportWorker0
-projectPath
C:/Users/mathi/Desktop/SDU/7. Semester/Social Technology Lab/Git/STL1-Destiny42/STL1 Boss Game
-logFile
Logs/AssetImportWorker0.log
-srvPort
54630
Successfully changed project path to: C:/Users/mathi/Desktop/SDU/7. Semester/Social Technology Lab/Git/STL1-Destiny42/STL1 Boss Game
C:/Users/mathi/Desktop/SDU/7. Semester/Social Technology Lab/Git/STL1-Destiny42/STL1 Boss Game
Using Asset Import Pipeline V2.
Refreshing native plugins compatible for Editor in 56.72 ms, found 2 plugins.
Preloading 0 native plugins for Editor in 0.00 ms.
Initialize engine version: 2020.3.32f1 (12f8b0834f07)
[Subsystems] Discovering subsystems at path C:/Program Files/Unity/Hub/Editor/2020.3.32f1/Editor/Data/Resources/UnitySubsystems
[Subsystems] Discovering subsystems at path C:/Users/mathi/Desktop/SDU/7. Semester/Social Technology Lab/Git/STL1-Destiny42/STL1 Boss Game/Assets
GfxDevice: creating device client; threaded=0
Direct3D:
    Version:  Direct3D 11.0 [level 11.1]
    Renderer: NVIDIA GeForce RTX 3070 Ti (ID=0x2482)
    Vendor:   
    VRAM:     8031 MB
    Driver:   31.0.15.3623
Initialize mono
Mono path[0] = 'C:/Program Files/Unity/Hub/Editor/2020.3.32f1/Editor/Data/Managed'
Mono path[1] = 'C:/Program Files/Unity/Hub/Editor/2020.3.32f1/Editor/Data/MonoBleedingEdge/lib/mono/unityjit'
Mono config path = 'C:/Program Files/Unity/Hub/Editor/2020.3.32f1/Editor/Data/MonoBleedingEdge/etc'
Using monoOptions --debugger-agent=transport=dt_socket,embedding=1,server=y,suspend=n,address=127.0.0.1:56316
Begin MonoManager ReloadAssembly
Registering precompiled unity dll's ...
Register platform support module: C:/Program Files/Unity/Hub/Editor/2020.3.32f1/Editor/Data/PlaybackEngines/WebGLSupport/UnityEditor.WebGL.Extensions.dll
Register platform support module: C:/Program Files/Unity/Hub/Editor/2020.3.32f1/Editor/Data/PlaybackEngines/WindowsStandaloneSupport/UnityEditor.WindowsStandalone.Extensions.dll
Registered in 0.003963 seconds.
Native extension for WindowsStandalone target not found
Native extension for WebGL target not found
Refreshing native plugins compatible for Editor in 50.19 ms, found 2 plugins.
Preloading 0 native plugins for Editor in 0.00 ms.
Mono: successfully reloaded assembly
- Completed reload, in  0.656 seconds
Domain Reload Profiling:
	ReloadAssembly (656ms)
		BeginReloadAssembly (82ms)
			ExecutionOrderSort (0ms)
			DisableScriptedObjects (0ms)
			BackupInstance (0ms)
			ReleaseScriptingObjects (0ms)
			CreateAndSetChildDomain (1ms)
		EndReloadAssembly (486ms)
			LoadAssemblies (79ms)
			RebuildTransferFunctionScriptingTraits (0ms)
			SetupTypeCache (154ms)
			ReleaseScriptCaches (0ms)
			RebuildScriptCaches (32ms)
			SetupLoadedEditorAssemblies (199ms)
				LogAssemblyErrors (0ms)
				InitializePlatformSupportModulesInManaged (6ms)
				SetLoadedEditorAssemblies (1ms)
				RefreshPlugins (50ms)
				BeforeProcessingInitializeOnLoad (15ms)
				ProcessInitializeOnLoadAttributes (96ms)
				ProcessInitializeOnLoadMethodAttributes (30ms)
				AfterProcessingInitializeOnLoad (0ms)
				EditorAssembliesLoaded (0ms)
			ExecutionOrderSort2 (0ms)
			AwakeInstancesAfterBackupRestoration (0ms)
Platform modules already initialized, skipping
Registering precompiled user dll's ...
Registered in 0.008098 seconds.
Begin MonoManager ReloadAssembly
Symbol file data-0000013C19C1F060 doesn't match image C:\Users\mathi\Desktop\SDU\7. Semester\Social Technology Lab\Git\STL1-Destiny42\STL1 Boss Game\Library\ScriptAssemblies\FishNet.Codegen.Cecil.dll
Symbol file LoadedFromMemory is not a mono symbol file
Symbol file data-0000013C19D6D820 doesn't match image C:\Users\mathi\Desktop\SDU\7. Semester\Social Technology Lab\Git\STL1-Destiny42\STL1 Boss Game\Library\ScriptAssemblies\FishNet.Demos.dll
Symbol file LoadedFromMemory is not a mono symbol file
Symbol file data-0000013C191CB010 doesn't match image C:\Users\mathi\Desktop\SDU\7. Semester\Social Technology Lab\Git\STL1-Destiny42\STL1 Boss Game\Library\ScriptAssemblies\FishNet.Runtime.dll
Symbol file LoadedFromMemory is not a mono symbol file
Symbol file data-0000013C19CA4570 doesn't match image C:\Users\mathi\Desktop\SDU\7. Semester\Social Technology Lab\Git\STL1-Destiny42\STL1 Boss Game\Library\ScriptAssemblies\Unity.Services.Core.Editor.dll
Symbol file LoadedFromMemory is not a mono symbol file
Symbol file data-0000013BF5070D80 doesn't match image C:\Users\mathi\Desktop\SDU\7. Semester\Social Technology Lab\Git\STL1-Destiny42\STL1 Boss Game\Library\ScriptAssemblies\Unity.VSCode.Editor.dll
Symbol file LoadedFromMemory is not a mono symbol file
Symbol file data-0000013BF4FE5010 doesn't match image C:\Users\mathi\Desktop\SDU\7. Semester\Social Technology Lab\Git\STL1-Destiny42\STL1 Boss Game\Library\ScriptAssemblies\GameKit.Dependencies.dll
Symbol file LoadedFromMemory is not a mono symbol file
Symbol file data-0000013C19C43E70 doesn't match image C:\Users\mathi\Desktop\SDU\7. Semester\Social Technology Lab\Git\STL1-Destiny42\STL1 Boss Game\Library\ScriptAssemblies\Unity.TextMeshPro.Editor.dll
Symbol file LoadedFromMemory is not a mono symbol file
Symbol file data-0000013C19BFB720 doesn't match image C:\Users\mathi\Desktop\SDU\7. Semester\Social Technology Lab\Git\STL1-Destiny42\STL1 Boss Game\Library\ScriptAssemblies\Unity.VisualStudio.Editor.dll
Symbol file LoadedFromMemory is not a mono symbol file
Symbol file data-0000013C19F42A40 doesn't match image C:\Users\mathi\Desktop\SDU\7. Semester\Social Technology Lab\Git\STL1-Destiny42\STL1 Boss Game\Library\ScriptAssemblies\UnityEngine.TestRunner.dll
Symbol file LoadedFromMemory is not a mono symbol file
Symbol file data-0000013C194D8010 doesn't match image C:\Users\mathi\Desktop\SDU\7. Semester\Social Technology Lab\Git\STL1-Destiny42\STL1 Boss Game\Library\ScriptAssemblies\Unity.Timeline.Editor.dll
Symbol file LoadedFromMemory is not a mono symbol file
Symbol file data-0000013C19F42A40 doesn't match image C:\Users\mathi\Desktop\SDU\7. Semester\Social Technology Lab\Git\STL1-Destiny42\STL1 Boss Game\Library\ScriptAssemblies\Unity.Timeline.dll
Symbol file LoadedFromMemory is not a mono symbol file
Symbol file data-0000013C19580010 doesn't match image C:\Users\mathi\Desktop\SDU\7. Semester\Social Technology Lab\Git\STL1-Destiny42\STL1 Boss Game\Library\ScriptAssemblies\Unity.TextMeshPro.dll
Symbol file LoadedFromMemory is not a mono symbol file
Symbol file data-0000013C19F42A40 doesn't match image C:\Users\mathi\Desktop\SDU\7. Semester\Social Technology Lab\Git\STL1-Destiny42\STL1 Boss Game\Library\ScriptAssemblies\Unity.CollabProxy.Editor.dll
Symbol file LoadedFromMemory is not a mono symbol file
Symbol file data-0000013C1924EE30 doesn't match image C:\Users\mathi\Desktop\SDU\7. Semester\Social Technology Lab\Git\STL1-Destiny42\STL1 Boss Game\Library\ScriptAssemblies\UnityEditor.TestRunner.dll
Symbol file LoadedFromMemory is not a mono symbol file
Symbol file data-0000013C1924EE30 doesn't match image C:\Users\mathi\Desktop\SDU\7. Semester\Social Technology Lab\Git\STL1-Destiny42\STL1 Boss Game\Library\ScriptAssemblies\Unity.FishNet.Codegen.dll
Symbol file LoadedFromMemory is not a mono symbol file
Symbol file data-0000013C19CA4570 doesn't match image C:\Users\mathi\Desktop\SDU\7. Semester\Social Technology Lab\Git\STL1-Destiny42\STL1 Boss Game\Library\ScriptAssemblies\GameKit.Utilities.dll
Symbol file LoadedFromMemory is not a mono symbol file
Symbol file data-0000013C19BFB720 doesn't match image C:\Users\mathi\Desktop\SDU\7. Semester\Social Technology Lab\Git\STL1-Destiny42\STL1 Boss Game\Library\ScriptAssemblies\UnityEditor.UI.dll
Symbol file LoadedFromMemory is not a mono symbol file
Symbol file data-0000013C18E80020 doesn't match image C:\Users\mathi\Desktop\SDU\7. Semester\Social Technology Lab\Git\STL1-Destiny42\STL1 Boss Game\Library\ScriptAssemblies\Unity.PlasticSCM.Editor.dll
Symbol file LoadedFromMemory is not a mono symbol file
Symbol file data-0000013C19CA4570 doesn't match image C:\Users\mathi\Desktop\SDU\7. Semester\Social Technology Lab\Git\STL1-Destiny42\STL1 Boss Game\Library\ScriptAssemblies\Unity.Rider.Editor.dll
Symbol file LoadedFromMemory is not a mono symbol file
Symbol file data-0000013C19E27E20 doesn't match image C:\Users\mathi\Desktop\SDU\7. Semester\Social Technology Lab\Git\STL1-Destiny42\STL1 Boss Game\Library\ScriptAssemblies\UnityEngine.UI.dll
Symbol file LoadedFromMemory is not a mono symbol file
Symbol file data-0000013BF5038DF0 doesn't match image C:\Users\mathi\Desktop\SDU\7. Semester\Social Technology Lab\Git\STL1-Destiny42\STL1 Boss Game\Library\ScriptAssemblies\ParrelSync.dll
Symbol file LoadedFromMemory is not a mono symbol file
Native extension for WindowsStandalone target not found
Native extension for WebGL target not found
Refreshing native plugins compatible for Editor in 0.51 ms, found 2 plugins.
Preloading 0 native plugins for Editor in 0.00 ms.
Mono: successfully reloaded assembly
- Completed reload, in  1.264 seconds
Domain Reload Profiling:
	ReloadAssembly (1265ms)
		BeginReloadAssembly (180ms)
			ExecutionOrderSort (0ms)
			DisableScriptedObjects (4ms)
			BackupInstance (0ms)
			ReleaseScriptingObjects (0ms)
			CreateAndSetChildDomain (19ms)
		EndReloadAssembly (1006ms)
			LoadAssemblies (125ms)
			RebuildTransferFunctionScriptingTraits (0ms)
			SetupTypeCache (328ms)
			ReleaseScriptCaches (1ms)
			RebuildScriptCaches (70ms)
			SetupLoadedEditorAssemblies (372ms)
				LogAssemblyErrors (0ms)
				InitializePlatformSupportModulesInManaged (7ms)
				SetLoadedEditorAssemblies (0ms)
				RefreshPlugins (1ms)
				BeforeProcessingInitializeOnLoad (118ms)
				ProcessInitializeOnLoadAttributes (212ms)
				ProcessInitializeOnLoadMethodAttributes (17ms)
				AfterProcessingInitializeOnLoad (17ms)
				EditorAssembliesLoaded (0ms)
			ExecutionOrderSort2 (0ms)
			AwakeInstancesAfterBackupRestoration (10ms)
Platform modules already initialized, skipping
========================================================================
Worker process is ready to serve import requests
Launched and connected shader compiler UnityShaderCompiler.exe after 0.05 seconds
Refreshing native plugins compatible for Editor in 0.56 ms, found 2 plugins.
Preloading 0 native plugins for Editor in 0.00 ms.
Unloading 2252 Unused Serialized files (Serialized files now loaded: 0)
System memory in use before: 174.3 MB.
System memory in use after: 174.4 MB.

Unloading 18 unused Assets to reduce memory usage. Loaded Objects now: 2695.
Total: 2.629000 ms (FindLiveObjects: 0.156000 ms CreateObjectMapping: 0.082200 ms MarkObjects: 2.305300 ms  DeleteObjects: 0.084600 ms)

AssetImportParameters requested are different than current active one (requested -> active):
  custom:framework-win-MediaFoundation: 216162199b28c13a410421893ffa2e32 -> 
  custom:video-decoder-ogg-theora: a1e56fd34408186e4bbccfd4996cb3dc -> 
  custom:container-muxer-webm: aa71ff27fc2769a1b78a27578f13a17b -> 
  custom:container-demuxer-webm: 4f35f7cbe854078d1ac9338744f61a02 -> 
  custom:container-demuxer-ogg: 62fdf1f143b41e24485cea50d1cbac27 -> 
  custom:video-encoder-webm-vp8: eb34c28f22e8b96e1ab97ce403110664 -> 
  custom:video-decoder-webm-vp8: 9c59270c3fd7afecdb556c50c9e8de78 -> 
  custom:audio-decoder-ogg-vorbis: bf7c407c2cedff20999df2af8eb42d56 -> 
  custom:audio-encoder-webm-vorbis: bf7c407c2cedff20999df2af8eb42d56 -> 
========================================================================
Received Import Request.
  path: Assets/_Prefabs/Boss.prefab
  artifactKey: Guid(4cea4eb3495c78c469a81f4d2bc58897) Importer(815301076,1909f56bfc062723c751e8b465ee728b)
Start importing Assets/_Prefabs/Boss.prefab using Guid(4cea4eb3495c78c469a81f4d2bc58897) Importer(815301076,1909f56bfc062723c751e8b465ee728b)  -> (artifact id: 'fba66e0d29e4cecd851021e49d120d42') in 0.144842 seconds 
AssetImportWorkerClient::OnTransportError - code=2 error=End of file
