Using pre-set license
Built from '2020.3/staging' branch; Version is '2020.3.32f1 (12f8b0834f07) revision 1243312'; Using compiler version '192528614'; Build Type 'Release'
OS: 'Windows 10  (10.0.19045) 64bit Core' Language: 'da' Physical Memory: 16310 MB
BatchMode: 1, IsHumanControllingUs: 0, StartBugReporterOnCrash: 0, Is64bit: 1, IsPro: 0

COMMAND LINE ARGUMENTS:
C:\Program Files\Unity\Hub\Editor\2020.3.32f1\Editor\Unity.exe
-adb2
-batchMode
-noUpm
-name
AssetImportWorker0
-projectPath
C:/Users/mathi/Desktop/SDU/7. Semester/Social Technology Lab/Git/STL1-Destiny42/STL1 Boss Game
-logFile
Logs/AssetImportWorker0.log
-srvPort
53028
Successfully changed project path to: C:/Users/mathi/Desktop/SDU/7. Semester/Social Technology Lab/Git/STL1-Destiny42/STL1 Boss Game
C:/Users/mathi/Desktop/SDU/7. Semester/Social Technology Lab/Git/STL1-Destiny42/STL1 Boss Game
Using Asset Import Pipeline V2.
Refreshing native plugins compatible for Editor in 50.69 ms, found 2 plugins.
Preloading 0 native plugins for Editor in 0.00 ms.
Initialize engine version: 2020.3.32f1 (12f8b0834f07)
[Subsystems] Discovering subsystems at path C:/Program Files/Unity/Hub/Editor/2020.3.32f1/Editor/Data/Resources/UnitySubsystems
[Subsystems] Discovering subsystems at path C:/Users/mathi/Desktop/SDU/7. Semester/Social Technology Lab/Git/STL1-Destiny42/STL1 Boss Game/Assets
GfxDevice: creating device client; threaded=0
Direct3D:
    Version:  Direct3D 11.0 [level 11.1]
    Renderer: NVIDIA GeForce RTX 3070 Ti (ID=0x2482)
    Vendor:   
    VRAM:     8031 MB
    Driver:   31.0.15.3623
Initialize mono
Mono path[0] = 'C:/Program Files/Unity/Hub/Editor/2020.3.32f1/Editor/Data/Managed'
Mono path[1] = 'C:/Program Files/Unity/Hub/Editor/2020.3.32f1/Editor/Data/MonoBleedingEdge/lib/mono/unityjit'
Mono config path = 'C:/Program Files/Unity/Hub/Editor/2020.3.32f1/Editor/Data/MonoBleedingEdge/etc'
Using monoOptions --debugger-agent=transport=dt_socket,embedding=1,server=y,suspend=n,address=127.0.0.1:56544
Begin MonoManager ReloadAssembly
Registering precompiled unity dll's ...
Register platform support module: C:/Program Files/Unity/Hub/Editor/2020.3.32f1/Editor/Data/PlaybackEngines/WebGLSupport/UnityEditor.WebGL.Extensions.dll
Register platform support module: C:/Program Files/Unity/Hub/Editor/2020.3.32f1/Editor/Data/PlaybackEngines/WindowsStandaloneSupport/UnityEditor.WindowsStandalone.Extensions.dll
Registered in 0.004892 seconds.
Native extension for WindowsStandalone target not found
Native extension for WebGL target not found
Refreshing native plugins compatible for Editor in 49.59 ms, found 2 plugins.
Preloading 0 native plugins for Editor in 0.00 ms.
Mono: successfully reloaded assembly
- Completed reload, in  0.654 seconds
Domain Reload Profiling:
	ReloadAssembly (655ms)
		BeginReloadAssembly (82ms)
			ExecutionOrderSort (0ms)
			DisableScriptedObjects (0ms)
			BackupInstance (0ms)
			ReleaseScriptingObjects (0ms)
			CreateAndSetChildDomain (1ms)
		EndReloadAssembly (487ms)
			LoadAssemblies (79ms)
			RebuildTransferFunctionScriptingTraits (0ms)
			SetupTypeCache (151ms)
			ReleaseScriptCaches (0ms)
			RebuildScriptCaches (32ms)
			SetupLoadedEditorAssemblies (191ms)
				LogAssemblyErrors (0ms)
				InitializePlatformSupportModulesInManaged (5ms)
				SetLoadedEditorAssemblies (0ms)
				RefreshPlugins (50ms)
				BeforeProcessingInitializeOnLoad (12ms)
				ProcessInitializeOnLoadAttributes (93ms)
				ProcessInitializeOnLoadMethodAttributes (30ms)
				AfterProcessingInitializeOnLoad (0ms)
				EditorAssembliesLoaded (0ms)
			ExecutionOrderSort2 (0ms)
			AwakeInstancesAfterBackupRestoration (0ms)
Platform modules already initialized, skipping
Registering precompiled user dll's ...
Registered in 0.006873 seconds.
Begin MonoManager ReloadAssembly
Symbol file data-000001A997161010 doesn't match image C:\Users\mathi\Desktop\SDU\7. Semester\Social Technology Lab\Git\STL1-Destiny42\STL1 Boss Game\Library\ScriptAssemblies\FishNet.Codegen.Cecil.dll
Symbol file LoadedFromMemory is not a mono symbol file
Symbol file data-000001A998660040 doesn't match image C:\Users\mathi\Desktop\SDU\7. Semester\Social Technology Lab\Git\STL1-Destiny42\STL1 Boss Game\Library\ScriptAssemblies\FishNet.Demos.dll
Symbol file LoadedFromMemory is not a mono symbol file
Symbol file data-000001A997161010 doesn't match image C:\Users\mathi\Desktop\SDU\7. Semester\Social Technology Lab\Git\STL1-Destiny42\STL1 Boss Game\Library\ScriptAssemblies\FishNet.Runtime.dll
Symbol file LoadedFromMemory is not a mono symbol file
Symbol file data-000001A998AD3C50 doesn't match image C:\Users\mathi\Desktop\SDU\7. Semester\Social Technology Lab\Git\STL1-Destiny42\STL1 Boss Game\Library\ScriptAssemblies\Unity.Services.Core.Editor.dll
Symbol file LoadedFromMemory is not a mono symbol file
Symbol file data-000001A998660040 doesn't match image C:\Users\mathi\Desktop\SDU\7. Semester\Social Technology Lab\Git\STL1-Destiny42\STL1 Boss Game\Library\ScriptAssemblies\Unity.VSCode.Editor.dll
Symbol file LoadedFromMemory is not a mono symbol file
Symbol file data-000001A996CDE010 doesn't match image C:\Users\mathi\Desktop\SDU\7. Semester\Social Technology Lab\Git\STL1-Destiny42\STL1 Boss Game\Library\ScriptAssemblies\GameKit.Dependencies.dll
Symbol file LoadedFromMemory is not a mono symbol file
Symbol file data-000001A997185E20 doesn't match image C:\Users\mathi\Desktop\SDU\7. Semester\Social Technology Lab\Git\STL1-Destiny42\STL1 Boss Game\Library\ScriptAssemblies\Unity.TextMeshPro.Editor.dll
Symbol file LoadedFromMemory is not a mono symbol file
Symbol file data-000001A998AD3C50 doesn't match image C:\Users\mathi\Desktop\SDU\7. Semester\Social Technology Lab\Git\STL1-Destiny42\STL1 Boss Game\Library\ScriptAssemblies\Unity.VisualStudio.Editor.dll
Symbol file LoadedFromMemory is not a mono symbol file
Symbol file data-000001A9736E9E00 doesn't match image C:\Users\mathi\Desktop\SDU\7. Semester\Social Technology Lab\Git\STL1-Destiny42\STL1 Boss Game\Library\ScriptAssemblies\UnityEngine.TestRunner.dll
Symbol file LoadedFromMemory is not a mono symbol file
Symbol file data-000001A997877010 doesn't match image C:\Users\mathi\Desktop\SDU\7. Semester\Social Technology Lab\Git\STL1-Destiny42\STL1 Boss Game\Library\ScriptAssemblies\Unity.Timeline.Editor.dll
Symbol file LoadedFromMemory is not a mono symbol file
Symbol file data-000001A9736E9E00 doesn't match image C:\Users\mathi\Desktop\SDU\7. Semester\Social Technology Lab\Git\STL1-Destiny42\STL1 Boss Game\Library\ScriptAssemblies\Unity.Timeline.dll
Symbol file LoadedFromMemory is not a mono symbol file
Symbol file data-000001A997877010 doesn't match image C:\Users\mathi\Desktop\SDU\7. Semester\Social Technology Lab\Git\STL1-Destiny42\STL1 Boss Game\Library\ScriptAssemblies\Unity.TextMeshPro.dll
Symbol file LoadedFromMemory is not a mono symbol file
Symbol file data-000001A9736E9E00 doesn't match image C:\Users\mathi\Desktop\SDU\7. Semester\Social Technology Lab\Git\STL1-Destiny42\STL1 Boss Game\Library\ScriptAssemblies\Unity.CollabProxy.Editor.dll
Symbol file LoadedFromMemory is not a mono symbol file
Symbol file data-000001A9973CD820 doesn't match image C:\Users\mathi\Desktop\SDU\7. Semester\Social Technology Lab\Git\STL1-Destiny42\STL1 Boss Game\Library\ScriptAssemblies\UnityEditor.TestRunner.dll
Symbol file LoadedFromMemory is not a mono symbol file
Symbol file data-000001A9973CD820 doesn't match image C:\Users\mathi\Desktop\SDU\7. Semester\Social Technology Lab\Git\STL1-Destiny42\STL1 Boss Game\Library\ScriptAssemblies\Unity.FishNet.Codegen.dll
Symbol file LoadedFromMemory is not a mono symbol file
Symbol file data-000001A972F06030 doesn't match image C:\Users\mathi\Desktop\SDU\7. Semester\Social Technology Lab\Git\STL1-Destiny42\STL1 Boss Game\Library\ScriptAssemblies\GameKit.Utilities.dll
Symbol file LoadedFromMemory is not a mono symbol file
Symbol file data-000001A972F06030 doesn't match image C:\Users\mathi\Desktop\SDU\7. Semester\Social Technology Lab\Git\STL1-Destiny42\STL1 Boss Game\Library\ScriptAssemblies\UnityEditor.UI.dll
Symbol file LoadedFromMemory is not a mono symbol file
Symbol file data-000001A9971B6020 doesn't match image C:\Users\mathi\Desktop\SDU\7. Semester\Social Technology Lab\Git\STL1-Destiny42\STL1 Boss Game\Library\ScriptAssemblies\Unity.PlasticSCM.Editor.dll
Symbol file LoadedFromMemory is not a mono symbol file
Symbol file data-000001A972F06030 doesn't match image C:\Users\mathi\Desktop\SDU\7. Semester\Social Technology Lab\Git\STL1-Destiny42\STL1 Boss Game\Library\ScriptAssemblies\Unity.Rider.Editor.dll
Symbol file LoadedFromMemory is not a mono symbol file
Symbol file data-000001A9970B9020 doesn't match image C:\Users\mathi\Desktop\SDU\7. Semester\Social Technology Lab\Git\STL1-Destiny42\STL1 Boss Game\Library\ScriptAssemblies\UnityEngine.UI.dll
Symbol file LoadedFromMemory is not a mono symbol file
Symbol file data-000001A997324430 doesn't match image C:\Users\mathi\Desktop\SDU\7. Semester\Social Technology Lab\Git\STL1-Destiny42\STL1 Boss Game\Library\ScriptAssemblies\ParrelSync.dll
Symbol file LoadedFromMemory is not a mono symbol file
Native extension for WindowsStandalone target not found
Native extension for WebGL target not found
Refreshing native plugins compatible for Editor in 0.50 ms, found 2 plugins.
Preloading 0 native plugins for Editor in 0.00 ms.
Mono: successfully reloaded assembly
- Completed reload, in  1.112 seconds
Domain Reload Profiling:
	ReloadAssembly (1113ms)
		BeginReloadAssembly (165ms)
			ExecutionOrderSort (0ms)
			DisableScriptedObjects (4ms)
			BackupInstance (0ms)
			ReleaseScriptingObjects (0ms)
			CreateAndSetChildDomain (18ms)
		EndReloadAssembly (881ms)
			LoadAssemblies (121ms)
			RebuildTransferFunctionScriptingTraits (0ms)
			SetupTypeCache (297ms)
			ReleaseScriptCaches (1ms)
			RebuildScriptCaches (50ms)
			SetupLoadedEditorAssemblies (330ms)
				LogAssemblyErrors (0ms)
				InitializePlatformSupportModulesInManaged (6ms)
				SetLoadedEditorAssemblies (0ms)
				RefreshPlugins (1ms)
				BeforeProcessingInitializeOnLoad (109ms)
				ProcessInitializeOnLoadAttributes (194ms)
				ProcessInitializeOnLoadMethodAttributes (9ms)
				AfterProcessingInitializeOnLoad (11ms)
				EditorAssembliesLoaded (0ms)
			ExecutionOrderSort2 (0ms)
			AwakeInstancesAfterBackupRestoration (8ms)
Platform modules already initialized, skipping
========================================================================
Worker process is ready to serve import requests
Launched and connected shader compiler UnityShaderCompiler.exe after 0.05 seconds
Refreshing native plugins compatible for Editor in 0.46 ms, found 2 plugins.
Preloading 0 native plugins for Editor in 0.00 ms.
Unloading 2252 Unused Serialized files (Serialized files now loaded: 0)
System memory in use before: 174.3 MB.
System memory in use after: 174.4 MB.

Unloading 18 unused Assets to reduce memory usage. Loaded Objects now: 2695.
Total: 2.764800 ms (FindLiveObjects: 0.154900 ms CreateObjectMapping: 0.074100 ms MarkObjects: 2.461000 ms  DeleteObjects: 0.073800 ms)

AssetImportParameters requested are different than current active one (requested -> active):
  custom:framework-win-MediaFoundation: 216162199b28c13a410421893ffa2e32 -> 
  custom:video-decoder-ogg-theora: a1e56fd34408186e4bbccfd4996cb3dc -> 
  custom:container-muxer-webm: aa71ff27fc2769a1b78a27578f13a17b -> 
  custom:container-demuxer-webm: 4f35f7cbe854078d1ac9338744f61a02 -> 
  custom:container-demuxer-ogg: 62fdf1f143b41e24485cea50d1cbac27 -> 
  custom:video-encoder-webm-vp8: eb34c28f22e8b96e1ab97ce403110664 -> 
  custom:video-decoder-webm-vp8: 9c59270c3fd7afecdb556c50c9e8de78 -> 
  custom:audio-decoder-ogg-vorbis: bf7c407c2cedff20999df2af8eb42d56 -> 
  custom:audio-encoder-webm-vorbis: bf7c407c2cedff20999df2af8eb42d56 -> 
========================================================================
Received Import Request.
  path: Assets/_Prefabs/Boss.prefab
  artifactKey: Guid(4cea4eb3495c78c469a81f4d2bc58897) Importer(815301076,1909f56bfc062723c751e8b465ee728b)
Start importing Assets/_Prefabs/Boss.prefab using Guid(4cea4eb3495c78c469a81f4d2bc58897) Importer(815301076,1909f56bfc062723c751e8b465ee728b)  -> (artifact id: '1c353f4dbecb48c9be6e99a50d435a81') in 0.137201 seconds 
========================================================================
Received Import Request.
  Time since last request: 7.291656 seconds.
  path: Assets/_Prefabs/Weapons/greatAxe.prefab
  artifactKey: Guid(0787c0d1241599945a093fd9e5e8a410) Importer(815301076,1909f56bfc062723c751e8b465ee728b)
Start importing Assets/_Prefabs/Weapons/greatAxe.prefab using Guid(0787c0d1241599945a093fd9e5e8a410) Importer(815301076,1909f56bfc062723c751e8b465ee728b)  -> (artifact id: '11c6665adebeef078058a7bffa48a4b4') in 0.024155 seconds 
========================================================================
Received Import Request.
  Time since last request: 3.798740 seconds.
  path: Assets/_Scripts/CharacterSelection.cs
  artifactKey: Guid(47c563e9d6e24304388e5996e9ebc017) Importer(815301076,1909f56bfc062723c751e8b465ee728b)
Start importing Assets/_Scripts/CharacterSelection.cs using Guid(47c563e9d6e24304388e5996e9ebc017) Importer(815301076,1909f56bfc062723c751e8b465ee728b)  -> (artifact id: 'a5011f6dcce7ffc7122733975884c8bf') in 0.006280 seconds 
========================================================================
Received Prepare
Registering precompiled user dll's ...
Registered in 0.006016 seconds.
Begin MonoManager ReloadAssembly
Symbol file data-000001A997161010 doesn't match image C:\Users\mathi\Desktop\SDU\7. Semester\Social Technology Lab\Git\STL1-Destiny42\STL1 Boss Game\Library\ScriptAssemblies\FishNet.Codegen.Cecil.dll
Symbol file LoadedFromMemory is not a mono symbol file
Symbol file data-000001A9984C5930 doesn't match image C:\Users\mathi\Desktop\SDU\7. Semester\Social Technology Lab\Git\STL1-Destiny42\STL1 Boss Game\Library\ScriptAssemblies\FishNet.Demos.dll
Symbol file LoadedFromMemory is not a mono symbol file
Symbol file data-000001A9972E4410 doesn't match image C:\Users\mathi\Desktop\SDU\7. Semester\Social Technology Lab\Git\STL1-Destiny42\STL1 Boss Game\Library\ScriptAssemblies\FishNet.Runtime.dll
Symbol file LoadedFromMemory is not a mono symbol file
Symbol file data-000001A973731050 doesn't match image C:\Users\mathi\Desktop\SDU\7. Semester\Social Technology Lab\Git\STL1-Destiny42\STL1 Boss Game\Library\ScriptAssemblies\Unity.Services.Core.Editor.dll
Symbol file LoadedFromMemory is not a mono symbol file
Symbol file data-000001A99724A460 doesn't match image C:\Users\mathi\Desktop\SDU\7. Semester\Social Technology Lab\Git\STL1-Destiny42\STL1 Boss Game\Library\ScriptAssemblies\Unity.VSCode.Editor.dll
Symbol file LoadedFromMemory is not a mono symbol file
Symbol file data-000001A99B07D010 doesn't match image C:\Users\mathi\Desktop\SDU\7. Semester\Social Technology Lab\Git\STL1-Destiny42\STL1 Boss Game\Library\ScriptAssemblies\GameKit.Dependencies.dll
Symbol file LoadedFromMemory is not a mono symbol file
Symbol file data-000001A998BA5010 doesn't match image C:\Users\mathi\Desktop\SDU\7. Semester\Social Technology Lab\Git\STL1-Destiny42\STL1 Boss Game\Library\ScriptAssemblies\Unity.TextMeshPro.Editor.dll
Symbol file LoadedFromMemory is not a mono symbol file
Symbol file data-000001A998152020 doesn't match image C:\Users\mathi\Desktop\SDU\7. Semester\Social Technology Lab\Git\STL1-Destiny42\STL1 Boss Game\Library\ScriptAssemblies\Unity.VisualStudio.Editor.dll
Symbol file LoadedFromMemory is not a mono symbol file
Symbol file data-000001A99B16E070 doesn't match image C:\Users\mathi\Desktop\SDU\7. Semester\Social Technology Lab\Git\STL1-Destiny42\STL1 Boss Game\Library\ScriptAssemblies\UnityEngine.TestRunner.dll
Symbol file LoadedFromMemory is not a mono symbol file
Symbol file data-000001A998C08C30 doesn't match image C:\Users\mathi\Desktop\SDU\7. Semester\Social Technology Lab\Git\STL1-Destiny42\STL1 Boss Game\Library\ScriptAssemblies\Unity.Timeline.Editor.dll
Symbol file LoadedFromMemory is not a mono symbol file
Symbol file data-000001A99726D020 doesn't match image C:\Users\mathi\Desktop\SDU\7. Semester\Social Technology Lab\Git\STL1-Destiny42\STL1 Boss Game\Library\ScriptAssemblies\Unity.Timeline.dll
Symbol file LoadedFromMemory is not a mono symbol file
Symbol file data-000001A9972E4410 doesn't match image C:\Users\mathi\Desktop\SDU\7. Semester\Social Technology Lab\Git\STL1-Destiny42\STL1 Boss Game\Library\ScriptAssemblies\Unity.TextMeshPro.dll
Symbol file LoadedFromMemory is not a mono symbol file
Symbol file data-000001A99B16E070 doesn't match image C:\Users\mathi\Desktop\SDU\7. Semester\Social Technology Lab\Git\STL1-Destiny42\STL1 Boss Game\Library\ScriptAssemblies\Unity.CollabProxy.Editor.dll
Symbol file LoadedFromMemory is not a mono symbol file
Symbol file data-000001A99702E020 doesn't match image C:\Users\mathi\Desktop\SDU\7. Semester\Social Technology Lab\Git\STL1-Destiny42\STL1 Boss Game\Library\ScriptAssemblies\UnityEditor.TestRunner.dll
Symbol file LoadedFromMemory is not a mono symbol file
Symbol file data-000001A998380050 doesn't match image C:\Users\mathi\Desktop\SDU\7. Semester\Social Technology Lab\Git\STL1-Destiny42\STL1 Boss Game\Library\ScriptAssemblies\Unity.FishNet.Codegen.dll
Symbol file LoadedFromMemory is not a mono symbol file
Symbol file data-000001A973731050 doesn't match image C:\Users\mathi\Desktop\SDU\7. Semester\Social Technology Lab\Git\STL1-Destiny42\STL1 Boss Game\Library\ScriptAssemblies\GameKit.Utilities.dll
Symbol file LoadedFromMemory is not a mono symbol file
Symbol file data-000001A9977DF030 doesn't match image C:\Users\mathi\Desktop\SDU\7. Semester\Social Technology Lab\Git\STL1-Destiny42\STL1 Boss Game\Library\ScriptAssemblies\UnityEditor.UI.dll
Symbol file LoadedFromMemory is not a mono symbol file
Symbol file data-000001A998C08C30 doesn't match image C:\Users\mathi\Desktop\SDU\7. Semester\Social Technology Lab\Git\STL1-Destiny42\STL1 Boss Game\Library\ScriptAssemblies\Unity.PlasticSCM.Editor.dll
Symbol file LoadedFromMemory is not a mono symbol file
Symbol file data-000001A973731050 doesn't match image C:\Users\mathi\Desktop\SDU\7. Semester\Social Technology Lab\Git\STL1-Destiny42\STL1 Boss Game\Library\ScriptAssemblies\Unity.Rider.Editor.dll
Symbol file LoadedFromMemory is not a mono symbol file
Symbol file data-000001A996E7F470 doesn't match image C:\Users\mathi\Desktop\SDU\7. Semester\Social Technology Lab\Git\STL1-Destiny42\STL1 Boss Game\Library\ScriptAssemblies\UnityEngine.UI.dll
Symbol file LoadedFromMemory is not a mono symbol file
Symbol file data-000001A78A09E770 doesn't match image C:\Users\mathi\Desktop\SDU\7. Semester\Social Technology Lab\Git\STL1-Destiny42\STL1 Boss Game\Library\ScriptAssemblies\ParrelSync.dll
Symbol file LoadedFromMemory is not a mono symbol file
Native extension for WindowsStandalone target not found
Native extension for WebGL target not found
Refreshing native plugins compatible for Editor in 0.82 ms, found 2 plugins.
Preloading 0 native plugins for Editor in 0.00 ms.
Mono: successfully reloaded assembly
- Completed reload, in  1.006 seconds
Domain Reload Profiling:
	ReloadAssembly (1007ms)
		BeginReloadAssembly (128ms)
			ExecutionOrderSort (0ms)
			DisableScriptedObjects (4ms)
			BackupInstance (0ms)
			ReleaseScriptingObjects (0ms)
			CreateAndSetChildDomain (33ms)
		EndReloadAssembly (812ms)
			LoadAssemblies (116ms)
			RebuildTransferFunctionScriptingTraits (0ms)
			SetupTypeCache (284ms)
			ReleaseScriptCaches (1ms)
			RebuildScriptCaches (37ms)
			SetupLoadedEditorAssemblies (294ms)
				LogAssemblyErrors (0ms)
				InitializePlatformSupportModulesInManaged (6ms)
				SetLoadedEditorAssemblies (1ms)
				RefreshPlugins (1ms)
				BeforeProcessingInitializeOnLoad (91ms)
				ProcessInitializeOnLoadAttributes (174ms)
				ProcessInitializeOnLoadMethodAttributes (9ms)
				AfterProcessingInitializeOnLoad (13ms)
				EditorAssembliesLoaded (0ms)
			ExecutionOrderSort2 (0ms)
			AwakeInstancesAfterBackupRestoration (6ms)
Platform modules already initialized, skipping
Refreshing native plugins compatible for Editor in 0.47 ms, found 2 plugins.
Preloading 0 native plugins for Editor in 0.00 ms.
Unloading 2202 Unused Serialized files (Serialized files now loaded: 0)
System memory in use before: 172.9 MB.
System memory in use after: 173.1 MB.

Unloading 13 unused Assets to reduce memory usage. Loaded Objects now: 2707.
Total: 2.715200 ms (FindLiveObjects: 0.166700 ms CreateObjectMapping: 0.073100 ms MarkObjects: 2.452400 ms  DeleteObjects: 0.022300 ms)

AssetImportParameters requested are different than current active one (requested -> active):
  custom:framework-win-MediaFoundation: 216162199b28c13a410421893ffa2e32 -> 
  custom:video-decoder-ogg-theora: a1e56fd34408186e4bbccfd4996cb3dc -> 
  custom:container-muxer-webm: aa71ff27fc2769a1b78a27578f13a17b -> 
  custom:container-demuxer-webm: 4f35f7cbe854078d1ac9338744f61a02 -> 
  custom:container-demuxer-ogg: 62fdf1f143b41e24485cea50d1cbac27 -> 
  custom:video-encoder-webm-vp8: eb34c28f22e8b96e1ab97ce403110664 -> 
  custom:video-decoder-webm-vp8: 9c59270c3fd7afecdb556c50c9e8de78 -> 
  custom:audio-decoder-ogg-vorbis: bf7c407c2cedff20999df2af8eb42d56 -> 
  custom:audio-encoder-webm-vorbis: bf7c407c2cedff20999df2af8eb42d56 -> 
========================================================================
Received Prepare
Registering precompiled user dll's ...
Registered in 0.008090 seconds.
Begin MonoManager ReloadAssembly
Symbol file data-000001A99D9FC010 doesn't match image C:\Users\mathi\Desktop\SDU\7. Semester\Social Technology Lab\Git\STL1-Destiny42\STL1 Boss Game\Library\ScriptAssemblies\FishNet.Codegen.Cecil.dll
Symbol file LoadedFromMemory is not a mono symbol file
Symbol file data-000001A972CE1050 doesn't match image C:\Users\mathi\Desktop\SDU\7. Semester\Social Technology Lab\Git\STL1-Destiny42\STL1 Boss Game\Library\ScriptAssemblies\FishNet.Demos.dll
Symbol file LoadedFromMemory is not a mono symbol file
Symbol file data-000001A997338020 doesn't match image C:\Users\mathi\Desktop\SDU\7. Semester\Social Technology Lab\Git\STL1-Destiny42\STL1 Boss Game\Library\ScriptAssemblies\FishNet.Runtime.dll
Symbol file LoadedFromMemory is not a mono symbol file
Symbol file data-000001A973731050 doesn't match image C:\Users\mathi\Desktop\SDU\7. Semester\Social Technology Lab\Git\STL1-Destiny42\STL1 Boss Game\Library\ScriptAssemblies\Unity.Services.Core.Editor.dll
Symbol file LoadedFromMemory is not a mono symbol file
Symbol file data-000001A99780E6A0 doesn't match image C:\Users\mathi\Desktop\SDU\7. Semester\Social Technology Lab\Git\STL1-Destiny42\STL1 Boss Game\Library\ScriptAssemblies\Unity.VSCode.Editor.dll
Symbol file LoadedFromMemory is not a mono symbol file
Symbol file data-000001A99AE8E010 doesn't match image C:\Users\mathi\Desktop\SDU\7. Semester\Social Technology Lab\Git\STL1-Destiny42\STL1 Boss Game\Library\ScriptAssemblies\GameKit.Dependencies.dll
Symbol file LoadedFromMemory is not a mono symbol file
Symbol file data-000001A99B722030 doesn't match image C:\Users\mathi\Desktop\SDU\7. Semester\Social Technology Lab\Git\STL1-Destiny42\STL1 Boss Game\Library\ScriptAssemblies\Unity.TextMeshPro.Editor.dll
Symbol file LoadedFromMemory is not a mono symbol file
Symbol file data-000001A99DD0DFA0 doesn't match image C:\Users\mathi\Desktop\SDU\7. Semester\Social Technology Lab\Git\STL1-Destiny42\STL1 Boss Game\Library\ScriptAssemblies\Unity.VisualStudio.Editor.dll
Symbol file LoadedFromMemory is not a mono symbol file
Symbol file data-000001A99DA20E20 doesn't match image C:\Users\mathi\Desktop\SDU\7. Semester\Social Technology Lab\Git\STL1-Destiny42\STL1 Boss Game\Library\ScriptAssemblies\UnityEngine.TestRunner.dll
Symbol file LoadedFromMemory is not a mono symbol file
Symbol file data-000001A998C08C30 doesn't match image C:\Users\mathi\Desktop\SDU\7. Semester\Social Technology Lab\Git\STL1-Destiny42\STL1 Boss Game\Library\ScriptAssemblies\Unity.Timeline.Editor.dll
Symbol file LoadedFromMemory is not a mono symbol file
Symbol file data-000001A99B722030 doesn't match image C:\Users\mathi\Desktop\SDU\7. Semester\Social Technology Lab\Git\STL1-Destiny42\STL1 Boss Game\Library\ScriptAssemblies\Unity.Timeline.dll
Symbol file LoadedFromMemory is not a mono symbol file
Symbol file data-000001A99A19F040 doesn't match image C:\Users\mathi\Desktop\SDU\7. Semester\Social Technology Lab\Git\STL1-Destiny42\STL1 Boss Game\Library\ScriptAssemblies\Unity.TextMeshPro.dll
Symbol file LoadedFromMemory is not a mono symbol file
Symbol file data-000001A99726D020 doesn't match image C:\Users\mathi\Desktop\SDU\7. Semester\Social Technology Lab\Git\STL1-Destiny42\STL1 Boss Game\Library\ScriptAssemblies\Unity.CollabProxy.Editor.dll
Symbol file LoadedFromMemory is not a mono symbol file
Symbol file data-000001A99B128020 doesn't match image C:\Users\mathi\Desktop\SDU\7. Semester\Social Technology Lab\Git\STL1-Destiny42\STL1 Boss Game\Library\ScriptAssemblies\UnityEditor.TestRunner.dll
Symbol file LoadedFromMemory is not a mono symbol file
Symbol file data-000001A996CE0990 doesn't match image C:\Users\mathi\Desktop\SDU\7. Semester\Social Technology Lab\Git\STL1-Destiny42\STL1 Boss Game\Library\ScriptAssemblies\Unity.FishNet.Codegen.dll
Symbol file LoadedFromMemory is not a mono symbol file
Symbol file data-000001A973731050 doesn't match image C:\Users\mathi\Desktop\SDU\7. Semester\Social Technology Lab\Git\STL1-Destiny42\STL1 Boss Game\Library\ScriptAssemblies\GameKit.Utilities.dll
Symbol file LoadedFromMemory is not a mono symbol file
Symbol file data-000001A99DD0DFA0 doesn't match image C:\Users\mathi\Desktop\SDU\7. Semester\Social Technology Lab\Git\STL1-Destiny42\STL1 Boss Game\Library\ScriptAssemblies\UnityEditor.UI.dll
Symbol file LoadedFromMemory is not a mono symbol file
Symbol file data-000001A9971B6020 doesn't match image C:\Users\mathi\Desktop\SDU\7. Semester\Social Technology Lab\Git\STL1-Destiny42\STL1 Boss Game\Library\ScriptAssemblies\Unity.PlasticSCM.Editor.dll
Symbol file LoadedFromMemory is not a mono symbol file
Symbol file data-000001A973731050 doesn't match image C:\Users\mathi\Desktop\SDU\7. Semester\Social Technology Lab\Git\STL1-Destiny42\STL1 Boss Game\Library\ScriptAssemblies\Unity.Rider.Editor.dll
Symbol file LoadedFromMemory is not a mono symbol file
Symbol file data-000001A973429010 doesn't match image C:\Users\mathi\Desktop\SDU\7. Semester\Social Technology Lab\Git\STL1-Destiny42\STL1 Boss Game\Library\ScriptAssemblies\UnityEngine.UI.dll
Symbol file LoadedFromMemory is not a mono symbol file
Symbol file data-000001A9736A4A30 doesn't match image C:\Users\mathi\Desktop\SDU\7. Semester\Social Technology Lab\Git\STL1-Destiny42\STL1 Boss Game\Library\ScriptAssemblies\ParrelSync.dll
Symbol file LoadedFromMemory is not a mono symbol file
Native extension for WindowsStandalone target not found
Native extension for WebGL target not found
Refreshing native plugins compatible for Editor in 0.47 ms, found 2 plugins.
Preloading 0 native plugins for Editor in 0.00 ms.
Mono: successfully reloaded assembly
- Completed reload, in  1.095 seconds
Domain Reload Profiling:
	ReloadAssembly (1095ms)
		BeginReloadAssembly (132ms)
			ExecutionOrderSort (0ms)
			DisableScriptedObjects (4ms)
			BackupInstance (0ms)
			ReleaseScriptingObjects (0ms)
			CreateAndSetChildDomain (33ms)
		EndReloadAssembly (891ms)
			LoadAssemblies (126ms)
			RebuildTransferFunctionScriptingTraits (0ms)
			SetupTypeCache (310ms)
			ReleaseScriptCaches (2ms)
			RebuildScriptCaches (46ms)
			SetupLoadedEditorAssemblies (322ms)
				LogAssemblyErrors (0ms)
				InitializePlatformSupportModulesInManaged (6ms)
				SetLoadedEditorAssemblies (0ms)
				RefreshPlugins (1ms)
				BeforeProcessingInitializeOnLoad (90ms)
				ProcessInitializeOnLoadAttributes (202ms)
				ProcessInitializeOnLoadMethodAttributes (11ms)
				AfterProcessingInitializeOnLoad (13ms)
				EditorAssembliesLoaded (0ms)
			ExecutionOrderSort2 (0ms)
			AwakeInstancesAfterBackupRestoration (7ms)
Platform modules already initialized, skipping
Refreshing native plugins compatible for Editor in 0.72 ms, found 2 plugins.
Preloading 0 native plugins for Editor in 0.00 ms.
Unloading 2202 Unused Serialized files (Serialized files now loaded: 0)
System memory in use before: 173.0 MB.
System memory in use after: 173.1 MB.

Unloading 13 unused Assets to reduce memory usage. Loaded Objects now: 2710.
Total: 3.480500 ms (FindLiveObjects: 0.216000 ms CreateObjectMapping: 0.120500 ms MarkObjects: 3.099900 ms  DeleteObjects: 0.042800 ms)

AssetImportParameters requested are different than current active one (requested -> active):
  custom:framework-win-MediaFoundation: 216162199b28c13a410421893ffa2e32 -> 
  custom:video-decoder-ogg-theora: a1e56fd34408186e4bbccfd4996cb3dc -> 
  custom:container-muxer-webm: aa71ff27fc2769a1b78a27578f13a17b -> 
  custom:container-demuxer-webm: 4f35f7cbe854078d1ac9338744f61a02 -> 
  custom:container-demuxer-ogg: 62fdf1f143b41e24485cea50d1cbac27 -> 
  custom:video-encoder-webm-vp8: eb34c28f22e8b96e1ab97ce403110664 -> 
  custom:video-decoder-webm-vp8: 9c59270c3fd7afecdb556c50c9e8de78 -> 
  custom:audio-decoder-ogg-vorbis: bf7c407c2cedff20999df2af8eb42d56 -> 
  custom:audio-encoder-webm-vorbis: bf7c407c2cedff20999df2af8eb42d56 -> 
========================================================================
Received Prepare
Registering precompiled user dll's ...
Registered in 0.005919 seconds.
Begin MonoManager ReloadAssembly
Symbol file data-000001A99D9FC010 doesn't match image C:\Users\mathi\Desktop\SDU\7. Semester\Social Technology Lab\Git\STL1-Destiny42\STL1 Boss Game\Library\ScriptAssemblies\FishNet.Codegen.Cecil.dll
Symbol file LoadedFromMemory is not a mono symbol file
Symbol file data-000001A998E12010 doesn't match image C:\Users\mathi\Desktop\SDU\7. Semester\Social Technology Lab\Git\STL1-Destiny42\STL1 Boss Game\Library\ScriptAssemblies\FishNet.Demos.dll
Symbol file LoadedFromMemory is not a mono symbol file
Symbol file data-000001A972FBEF60 doesn't match image C:\Users\mathi\Desktop\SDU\7. Semester\Social Technology Lab\Git\STL1-Destiny42\STL1 Boss Game\Library\ScriptAssemblies\FishNet.Runtime.dll
Symbol file LoadedFromMemory is not a mono symbol file
Symbol file data-000001A997062010 doesn't match image C:\Users\mathi\Desktop\SDU\7. Semester\Social Technology Lab\Git\STL1-Destiny42\STL1 Boss Game\Library\ScriptAssemblies\Unity.Services.Core.Editor.dll
Symbol file LoadedFromMemory is not a mono symbol file
Symbol file data-000001A99780E6A0 doesn't match image C:\Users\mathi\Desktop\SDU\7. Semester\Social Technology Lab\Git\STL1-Destiny42\STL1 Boss Game\Library\ScriptAssemblies\Unity.VSCode.Editor.dll
Symbol file LoadedFromMemory is not a mono symbol file
Symbol file data-000001A973734A80 doesn't match image C:\Users\mathi\Desktop\SDU\7. Semester\Social Technology Lab\Git\STL1-Destiny42\STL1 Boss Game\Library\ScriptAssemblies\GameKit.Dependencies.dll
Symbol file LoadedFromMemory is not a mono symbol file
Symbol file data-000001A996C1E040 doesn't match image C:\Users\mathi\Desktop\SDU\7. Semester\Social Technology Lab\Git\STL1-Destiny42\STL1 Boss Game\Library\ScriptAssemblies\Unity.TextMeshPro.Editor.dll
Symbol file LoadedFromMemory is not a mono symbol file
Symbol file data-000001A99898EE30 doesn't match image C:\Users\mathi\Desktop\SDU\7. Semester\Social Technology Lab\Git\STL1-Destiny42\STL1 Boss Game\Library\ScriptAssemblies\Unity.VisualStudio.Editor.dll
Symbol file LoadedFromMemory is not a mono symbol file
Symbol file data-000001A996C1E040 doesn't match image C:\Users\mathi\Desktop\SDU\7. Semester\Social Technology Lab\Git\STL1-Destiny42\STL1 Boss Game\Library\ScriptAssemblies\UnityEngine.TestRunner.dll
Symbol file LoadedFromMemory is not a mono symbol file
Symbol file data-000001A9736B2BF0 doesn't match image C:\Users\mathi\Desktop\SDU\7. Semester\Social Technology Lab\Git\STL1-Destiny42\STL1 Boss Game\Library\ScriptAssemblies\Unity.Timeline.Editor.dll
Symbol file LoadedFromMemory is not a mono symbol file
Symbol file data-000001A996C1E040 doesn't match image C:\Users\mathi\Desktop\SDU\7. Semester\Social Technology Lab\Git\STL1-Destiny42\STL1 Boss Game\Library\ScriptAssemblies\Unity.Timeline.dll
Symbol file LoadedFromMemory is not a mono symbol file
Symbol file data-000001A99D9FC010 doesn't match image C:\Users\mathi\Desktop\SDU\7. Semester\Social Technology Lab\Git\STL1-Destiny42\STL1 Boss Game\Library\ScriptAssemblies\Unity.TextMeshPro.dll
Symbol file LoadedFromMemory is not a mono symbol file
Symbol file data-000001A996C1E040 doesn't match image C:\Users\mathi\Desktop\SDU\7. Semester\Social Technology Lab\Git\STL1-Destiny42\STL1 Boss Game\Library\ScriptAssemblies\Unity.CollabProxy.Editor.dll
Symbol file LoadedFromMemory is not a mono symbol file
Symbol file data-000001A9972E4410 doesn't match image C:\Users\mathi\Desktop\SDU\7. Semester\Social Technology Lab\Git\STL1-Destiny42\STL1 Boss Game\Library\ScriptAssemblies\UnityEditor.TestRunner.dll
Symbol file LoadedFromMemory is not a mono symbol file
Symbol file data-000001A97356E430 doesn't match image C:\Users\mathi\Desktop\SDU\7. Semester\Social Technology Lab\Git\STL1-Destiny42\STL1 Boss Game\Library\ScriptAssemblies\Unity.FishNet.Codegen.dll
Symbol file LoadedFromMemory is not a mono symbol file
Symbol file data-000001A997062010 doesn't match image C:\Users\mathi\Desktop\SDU\7. Semester\Social Technology Lab\Git\STL1-Destiny42\STL1 Boss Game\Library\ScriptAssemblies\GameKit.Utilities.dll
Symbol file LoadedFromMemory is not a mono symbol file
Symbol file data-000001A99898EE30 doesn't match image C:\Users\mathi\Desktop\SDU\7. Semester\Social Technology Lab\Git\STL1-Destiny42\STL1 Boss Game\Library\ScriptAssemblies\UnityEditor.UI.dll
Symbol file LoadedFromMemory is not a mono symbol file
Symbol file data-000001A973738F30 doesn't match image C:\Users\mathi\Desktop\SDU\7. Semester\Social Technology Lab\Git\STL1-Destiny42\STL1 Boss Game\Library\ScriptAssemblies\Unity.PlasticSCM.Editor.dll
Symbol file LoadedFromMemory is not a mono symbol file
Symbol file data-000001A997062010 doesn't match image C:\Users\mathi\Desktop\SDU\7. Semester\Social Technology Lab\Git\STL1-Destiny42\STL1 Boss Game\Library\ScriptAssemblies\Unity.Rider.Editor.dll
Symbol file LoadedFromMemory is not a mono symbol file
Symbol file data-000001A97358FB80 doesn't match image C:\Users\mathi\Desktop\SDU\7. Semester\Social Technology Lab\Git\STL1-Destiny42\STL1 Boss Game\Library\ScriptAssemblies\UnityEngine.UI.dll
Symbol file LoadedFromMemory is not a mono symbol file
Symbol file data-000001A973734A80 doesn't match image C:\Users\mathi\Desktop\SDU\7. Semester\Social Technology Lab\Git\STL1-Destiny42\STL1 Boss Game\Library\ScriptAssemblies\ParrelSync.dll
Symbol file LoadedFromMemory is not a mono symbol file
Native extension for WindowsStandalone target not found
Native extension for WebGL target not found
Refreshing native plugins compatible for Editor in 46.89 ms, found 2 plugins.
Preloading 0 native plugins for Editor in 0.00 ms.
Mono: successfully reloaded assembly
- Completed reload, in  1.537 seconds
Domain Reload Profiling:
	ReloadAssembly (1537ms)
		BeginReloadAssembly (141ms)
			ExecutionOrderSort (0ms)
			DisableScriptedObjects (4ms)
			BackupInstance (0ms)
			ReleaseScriptingObjects (0ms)
			CreateAndSetChildDomain (33ms)
		EndReloadAssembly (1312ms)
			LoadAssemblies (134ms)
			RebuildTransferFunctionScriptingTraits (0ms)
			SetupTypeCache (460ms)
			ReleaseScriptCaches (1ms)
			RebuildScriptCaches (62ms)
			SetupLoadedEditorAssemblies (481ms)
				LogAssemblyErrors (0ms)
				InitializePlatformSupportModulesInManaged (15ms)
				SetLoadedEditorAssemblies (1ms)
				RefreshPlugins (47ms)
				BeforeProcessingInitializeOnLoad (197ms)
				ProcessInitializeOnLoadAttributes (192ms)
				ProcessInitializeOnLoadMethodAttributes (11ms)
				AfterProcessingInitializeOnLoad (18ms)
				EditorAssembliesLoaded (0ms)
			ExecutionOrderSort2 (0ms)
			AwakeInstancesAfterBackupRestoration (8ms)
Platform modules already initialized, skipping
Refreshing native plugins compatible for Editor in 0.47 ms, found 2 plugins.
Preloading 0 native plugins for Editor in 0.00 ms.
Unloading 2202 Unused Serialized files (Serialized files now loaded: 0)
System memory in use before: 173.0 MB.
System memory in use after: 173.1 MB.

Unloading 13 unused Assets to reduce memory usage. Loaded Objects now: 2713.
Total: 2.826700 ms (FindLiveObjects: 0.185600 ms CreateObjectMapping: 0.085100 ms MarkObjects: 2.531000 ms  DeleteObjects: 0.023900 ms)

AssetImportParameters requested are different than current active one (requested -> active):
  custom:framework-win-MediaFoundation: 216162199b28c13a410421893ffa2e32 -> 
  custom:video-decoder-ogg-theora: a1e56fd34408186e4bbccfd4996cb3dc -> 
  custom:container-muxer-webm: aa71ff27fc2769a1b78a27578f13a17b -> 
  custom:container-demuxer-webm: 4f35f7cbe854078d1ac9338744f61a02 -> 
  custom:container-demuxer-ogg: 62fdf1f143b41e24485cea50d1cbac27 -> 
  custom:video-encoder-webm-vp8: eb34c28f22e8b96e1ab97ce403110664 -> 
  custom:video-decoder-webm-vp8: 9c59270c3fd7afecdb556c50c9e8de78 -> 
  custom:audio-decoder-ogg-vorbis: bf7c407c2cedff20999df2af8eb42d56 -> 
  custom:audio-encoder-webm-vorbis: bf7c407c2cedff20999df2af8eb42d56 -> 
========================================================================
Received Prepare
Refreshing native plugins compatible for Editor in 4.28 ms, found 2 plugins.
Preloading 0 native plugins for Editor in 0.00 ms.
Unloading 11 Unused Serialized files (Serialized files now loaded: 0)
System memory in use before: 128.6 MB.
System memory in use after: 128.7 MB.

Unloading 11 unused Assets to reduce memory usage. Loaded Objects now: 2713.
Total: 2.876200 ms (FindLiveObjects: 0.174000 ms CreateObjectMapping: 0.088000 ms MarkObjects: 2.594300 ms  DeleteObjects: 0.019400 ms)

AssetImportParameters requested are different than current active one (requested -> active):
  custom:framework-win-MediaFoundation: 216162199b28c13a410421893ffa2e32 -> 
  custom:video-decoder-ogg-theora: a1e56fd34408186e4bbccfd4996cb3dc -> 
  custom:container-muxer-webm: aa71ff27fc2769a1b78a27578f13a17b -> 
  custom:container-demuxer-webm: 4f35f7cbe854078d1ac9338744f61a02 -> 
  custom:container-demuxer-ogg: 62fdf1f143b41e24485cea50d1cbac27 -> 
  custom:video-encoder-webm-vp8: eb34c28f22e8b96e1ab97ce403110664 -> 
  custom:video-decoder-webm-vp8: 9c59270c3fd7afecdb556c50c9e8de78 -> 
  custom:audio-decoder-ogg-vorbis: bf7c407c2cedff20999df2af8eb42d56 -> 
  custom:audio-encoder-webm-vorbis: bf7c407c2cedff20999df2af8eb42d56 -> 
========================================================================
Received Prepare
Registering precompiled user dll's ...
Registered in 0.007769 seconds.
Begin MonoManager ReloadAssembly
Symbol file data-000001A9E2171820 doesn't match image C:\Users\mathi\Desktop\SDU\7. Semester\Social Technology Lab\Git\STL1-Destiny42\STL1 Boss Game\Library\ScriptAssemblies\FishNet.Codegen.Cecil.dll
Symbol file LoadedFromMemory is not a mono symbol file
Symbol file data-000001A99B162050 doesn't match image C:\Users\mathi\Desktop\SDU\7. Semester\Social Technology Lab\Git\STL1-Destiny42\STL1 Boss Game\Library\ScriptAssemblies\FishNet.Demos.dll
Symbol file LoadedFromMemory is not a mono symbol file
Symbol file data-000001A99AE8ECE0 doesn't match image C:\Users\mathi\Desktop\SDU\7. Semester\Social Technology Lab\Git\STL1-Destiny42\STL1 Boss Game\Library\ScriptAssemblies\FishNet.Runtime.dll
Symbol file LoadedFromMemory is not a mono symbol file
Symbol file data-000001A99B162050 doesn't match image C:\Users\mathi\Desktop\SDU\7. Semester\Social Technology Lab\Git\STL1-Destiny42\STL1 Boss Game\Library\ScriptAssemblies\Unity.Services.Core.Editor.dll
Symbol file LoadedFromMemory is not a mono symbol file
Symbol file data-000001A99780E6A0 doesn't match image C:\Users\mathi\Desktop\SDU\7. Semester\Social Technology Lab\Git\STL1-Destiny42\STL1 Boss Game\Library\ScriptAssemblies\Unity.VSCode.Editor.dll
Symbol file LoadedFromMemory is not a mono symbol file
Symbol file data-000001A997862010 doesn't match image C:\Users\mathi\Desktop\SDU\7. Semester\Social Technology Lab\Git\STL1-Destiny42\STL1 Boss Game\Library\ScriptAssemblies\GameKit.Dependencies.dll
Symbol file LoadedFromMemory is not a mono symbol file
Symbol file data-000001A9E21E3010 doesn't match image C:\Users\mathi\Desktop\SDU\7. Semester\Social Technology Lab\Git\STL1-Destiny42\STL1 Boss Game\Library\ScriptAssemblies\Unity.TextMeshPro.Editor.dll
Symbol file LoadedFromMemory is not a mono symbol file
Symbol file data-000001A99DD0DFA0 doesn't match image C:\Users\mathi\Desktop\SDU\7. Semester\Social Technology Lab\Git\STL1-Destiny42\STL1 Boss Game\Library\ScriptAssemblies\Unity.VisualStudio.Editor.dll
Symbol file LoadedFromMemory is not a mono symbol file
Symbol file data-000001A99A30D020 doesn't match image C:\Users\mathi\Desktop\SDU\7. Semester\Social Technology Lab\Git\STL1-Destiny42\STL1 Boss Game\Library\ScriptAssemblies\UnityEngine.TestRunner.dll
Symbol file LoadedFromMemory is not a mono symbol file
Symbol file data-000001A99AE8ECE0 doesn't match image C:\Users\mathi\Desktop\SDU\7. Semester\Social Technology Lab\Git\STL1-Destiny42\STL1 Boss Game\Library\ScriptAssemblies\Unity.Timeline.Editor.dll
Symbol file LoadedFromMemory is not a mono symbol file
Symbol file data-000001A9E21E3010 doesn't match image C:\Users\mathi\Desktop\SDU\7. Semester\Social Technology Lab\Git\STL1-Destiny42\STL1 Boss Game\Library\ScriptAssemblies\Unity.Timeline.dll
Symbol file LoadedFromMemory is not a mono symbol file
Symbol file data-000001A99896A020 doesn't match image C:\Users\mathi\Desktop\SDU\7. Semester\Social Technology Lab\Git\STL1-Destiny42\STL1 Boss Game\Library\ScriptAssemblies\Unity.TextMeshPro.dll
Symbol file LoadedFromMemory is not a mono symbol file
Symbol file data-000001A99A30D020 doesn't match image C:\Users\mathi\Desktop\SDU\7. Semester\Social Technology Lab\Git\STL1-Destiny42\STL1 Boss Game\Library\ScriptAssemblies\Unity.CollabProxy.Editor.dll
Symbol file LoadedFromMemory is not a mono symbol file
Symbol file data-000001A9736D6020 doesn't match image C:\Users\mathi\Desktop\SDU\7. Semester\Social Technology Lab\Git\STL1-Destiny42\STL1 Boss Game\Library\ScriptAssemblies\UnityEditor.TestRunner.dll
Symbol file LoadedFromMemory is not a mono symbol file
Symbol file data-000001A97356E430 doesn't match image C:\Users\mathi\Desktop\SDU\7. Semester\Social Technology Lab\Git\STL1-Destiny42\STL1 Boss Game\Library\ScriptAssemblies\Unity.FishNet.Codegen.dll
Symbol file LoadedFromMemory is not a mono symbol file
Symbol file data-000001A99B162050 doesn't match image C:\Users\mathi\Desktop\SDU\7. Semester\Social Technology Lab\Git\STL1-Destiny42\STL1 Boss Game\Library\ScriptAssemblies\GameKit.Utilities.dll
Symbol file LoadedFromMemory is not a mono symbol file
Symbol file data-000001A99DD0DFA0 doesn't match image C:\Users\mathi\Desktop\SDU\7. Semester\Social Technology Lab\Git\STL1-Destiny42\STL1 Boss Game\Library\ScriptAssemblies\UnityEditor.UI.dll
Symbol file LoadedFromMemory is not a mono symbol file
Symbol file data-000001A99A5D0F10 doesn't match image C:\Users\mathi\Desktop\SDU\7. Semester\Social Technology Lab\Git\STL1-Destiny42\STL1 Boss Game\Library\ScriptAssemblies\Unity.PlasticSCM.Editor.dll
Symbol file LoadedFromMemory is not a mono symbol file
Symbol file data-000001A99B162050 doesn't match image C:\Users\mathi\Desktop\SDU\7. Semester\Social Technology Lab\Git\STL1-Destiny42\STL1 Boss Game\Library\ScriptAssemblies\Unity.Rider.Editor.dll
Symbol file LoadedFromMemory is not a mono symbol file
Symbol file data-000001A973429010 doesn't match image C:\Users\mathi\Desktop\SDU\7. Semester\Social Technology Lab\Git\STL1-Destiny42\STL1 Boss Game\Library\ScriptAssemblies\UnityEngine.UI.dll
Symbol file LoadedFromMemory is not a mono symbol file
Symbol file data-000001A997065A40 doesn't match image C:\Users\mathi\Desktop\SDU\7. Semester\Social Technology Lab\Git\STL1-Destiny42\STL1 Boss Game\Library\ScriptAssemblies\ParrelSync.dll
Symbol file LoadedFromMemory is not a mono symbol file
Native extension for WindowsStandalone target not found
Native extension for WebGL target not found
Refreshing native plugins compatible for Editor in 0.81 ms, found 2 plugins.
Preloading 0 native plugins for Editor in 0.00 ms.
Mono: successfully reloaded assembly
- Completed reload, in  1.228 seconds
Domain Reload Profiling:
	ReloadAssembly (1228ms)
		BeginReloadAssembly (147ms)
			ExecutionOrderSort (0ms)
			DisableScriptedObjects (5ms)
			BackupInstance (0ms)
			ReleaseScriptingObjects (0ms)
			CreateAndSetChildDomain (35ms)
		EndReloadAssembly (995ms)
			LoadAssemblies (147ms)
			RebuildTransferFunctionScriptingTraits (0ms)
			SetupTypeCache (360ms)
			ReleaseScriptCaches (1ms)
			RebuildScriptCaches (44ms)
			SetupLoadedEditorAssemblies (351ms)
				LogAssemblyErrors (0ms)
				InitializePlatformSupportModulesInManaged (7ms)
				SetLoadedEditorAssemblies (1ms)
				RefreshPlugins (1ms)
				BeforeProcessingInitializeOnLoad (108ms)
				ProcessInitializeOnLoadAttributes (210ms)
				ProcessInitializeOnLoadMethodAttributes (11ms)
				AfterProcessingInitializeOnLoad (13ms)
				EditorAssembliesLoaded (1ms)
			ExecutionOrderSort2 (0ms)
			AwakeInstancesAfterBackupRestoration (8ms)
Platform modules already initialized, skipping
Refreshing native plugins compatible for Editor in 0.71 ms, found 2 plugins.
Preloading 0 native plugins for Editor in 0.00 ms.
Unloading 2202 Unused Serialized files (Serialized files now loaded: 0)
System memory in use before: 173.0 MB.
System memory in use after: 173.1 MB.

Unloading 13 unused Assets to reduce memory usage. Loaded Objects now: 2716.
Total: 3.090700 ms (FindLiveObjects: 0.177100 ms CreateObjectMapping: 0.077500 ms MarkObjects: 2.795900 ms  DeleteObjects: 0.039000 ms)

AssetImportParameters requested are different than current active one (requested -> active):
  custom:framework-win-MediaFoundation: 216162199b28c13a410421893ffa2e32 -> 
  custom:video-decoder-ogg-theora: a1e56fd34408186e4bbccfd4996cb3dc -> 
  custom:container-muxer-webm: aa71ff27fc2769a1b78a27578f13a17b -> 
  custom:container-demuxer-webm: 4f35f7cbe854078d1ac9338744f61a02 -> 
  custom:container-demuxer-ogg: 62fdf1f143b41e24485cea50d1cbac27 -> 
  custom:video-encoder-webm-vp8: eb34c28f22e8b96e1ab97ce403110664 -> 
  custom:video-decoder-webm-vp8: 9c59270c3fd7afecdb556c50c9e8de78 -> 
  custom:audio-decoder-ogg-vorbis: bf7c407c2cedff20999df2af8eb42d56 -> 
  custom:audio-encoder-webm-vorbis: bf7c407c2cedff20999df2af8eb42d56 -> 
========================================================================
Received Prepare
Registering precompiled user dll's ...
Registered in 0.006040 seconds.
Begin MonoManager ReloadAssembly
Symbol file data-000001A9E2171820 doesn't match image C:\Users\mathi\Desktop\SDU\7. Semester\Social Technology Lab\Git\STL1-Destiny42\STL1 Boss Game\Library\ScriptAssemblies\FishNet.Codegen.Cecil.dll
Symbol file LoadedFromMemory is not a mono symbol file
Symbol file data-000001A9E2209010 doesn't match image C:\Users\mathi\Desktop\SDU\7. Semester\Social Technology Lab\Git\STL1-Destiny42\STL1 Boss Game\Library\ScriptAssemblies\FishNet.Demos.dll
Symbol file LoadedFromMemory is not a mono symbol file
Symbol file data-000001A99AC64030 doesn't match image C:\Users\mathi\Desktop\SDU\7. Semester\Social Technology Lab\Git\STL1-Destiny42\STL1 Boss Game\Library\ScriptAssemblies\FishNet.Runtime.dll
Symbol file LoadedFromMemory is not a mono symbol file
Symbol file data-000001A9E2209010 doesn't match image C:\Users\mathi\Desktop\SDU\7. Semester\Social Technology Lab\Git\STL1-Destiny42\STL1 Boss Game\Library\ScriptAssemblies\Unity.Services.Core.Editor.dll
Symbol file LoadedFromMemory is not a mono symbol file
Symbol file data-000001A99780E6A0 doesn't match image C:\Users\mathi\Desktop\SDU\7. Semester\Social Technology Lab\Git\STL1-Destiny42\STL1 Boss Game\Library\ScriptAssemblies\Unity.VSCode.Editor.dll
Symbol file LoadedFromMemory is not a mono symbol file
Symbol file data-000001A973734770 doesn't match image C:\Users\mathi\Desktop\SDU\7. Semester\Social Technology Lab\Git\STL1-Destiny42\STL1 Boss Game\Library\ScriptAssemblies\GameKit.Dependencies.dll
Symbol file LoadedFromMemory is not a mono symbol file
Symbol file data-000001A99A3D7020 doesn't match image C:\Users\mathi\Desktop\SDU\7. Semester\Social Technology Lab\Git\STL1-Destiny42\STL1 Boss Game\Library\ScriptAssemblies\Unity.TextMeshPro.Editor.dll
Symbol file LoadedFromMemory is not a mono symbol file
Symbol file data-000001A99DD0DFA0 doesn't match image C:\Users\mathi\Desktop\SDU\7. Semester\Social Technology Lab\Git\STL1-Destiny42\STL1 Boss Game\Library\ScriptAssemblies\Unity.VisualStudio.Editor.dll
Symbol file LoadedFromMemory is not a mono symbol file
Symbol file data-000001A99A30D020 doesn't match image C:\Users\mathi\Desktop\SDU\7. Semester\Social Technology Lab\Git\STL1-Destiny42\STL1 Boss Game\Library\ScriptAssemblies\UnityEngine.TestRunner.dll
Symbol file LoadedFromMemory is not a mono symbol file
Symbol file data-000001A99AC64030 doesn't match image C:\Users\mathi\Desktop\SDU\7. Semester\Social Technology Lab\Git\STL1-Destiny42\STL1 Boss Game\Library\ScriptAssemblies\Unity.Timeline.Editor.dll
Symbol file LoadedFromMemory is not a mono symbol file
Symbol file data-000001A99A3D7020 doesn't match image C:\Users\mathi\Desktop\SDU\7. Semester\Social Technology Lab\Git\STL1-Destiny42\STL1 Boss Game\Library\ScriptAssemblies\Unity.Timeline.dll
Symbol file LoadedFromMemory is not a mono symbol file
Symbol file data-000001A99896A020 doesn't match image C:\Users\mathi\Desktop\SDU\7. Semester\Social Technology Lab\Git\STL1-Destiny42\STL1 Boss Game\Library\ScriptAssemblies\Unity.TextMeshPro.dll
Symbol file LoadedFromMemory is not a mono symbol file
Symbol file data-000001A996BC9020 doesn't match image C:\Users\mathi\Desktop\SDU\7. Semester\Social Technology Lab\Git\STL1-Destiny42\STL1 Boss Game\Library\ScriptAssemblies\Unity.CollabProxy.Editor.dll
Symbol file LoadedFromMemory is not a mono symbol file
Symbol file data-000001A99B106030 doesn't match image C:\Users\mathi\Desktop\SDU\7. Semester\Social Technology Lab\Git\STL1-Destiny42\STL1 Boss Game\Library\ScriptAssemblies\UnityEditor.TestRunner.dll
Symbol file LoadedFromMemory is not a mono symbol file
Symbol file data-000001A97356E430 doesn't match image C:\Users\mathi\Desktop\SDU\7. Semester\Social Technology Lab\Git\STL1-Destiny42\STL1 Boss Game\Library\ScriptAssemblies\Unity.FishNet.Codegen.dll
Symbol file LoadedFromMemory is not a mono symbol file
Symbol file data-000001A9E2209010 doesn't match image C:\Users\mathi\Desktop\SDU\7. Semester\Social Technology Lab\Git\STL1-Destiny42\STL1 Boss Game\Library\ScriptAssemblies\GameKit.Utilities.dll
Symbol file LoadedFromMemory is not a mono symbol file
Symbol file data-000001A99DD0DFA0 doesn't match image C:\Users\mathi\Desktop\SDU\7. Semester\Social Technology Lab\Git\STL1-Destiny42\STL1 Boss Game\Library\ScriptAssemblies\UnityEditor.UI.dll
Symbol file LoadedFromMemory is not a mono symbol file
Symbol file data-000001A996B64020 doesn't match image C:\Users\mathi\Desktop\SDU\7. Semester\Social Technology Lab\Git\STL1-Destiny42\STL1 Boss Game\Library\ScriptAssemblies\Unity.PlasticSCM.Editor.dll
Symbol file LoadedFromMemory is not a mono symbol file
Symbol file data-000001A9E2209010 doesn't match image C:\Users\mathi\Desktop\SDU\7. Semester\Social Technology Lab\Git\STL1-Destiny42\STL1 Boss Game\Library\ScriptAssemblies\Unity.Rider.Editor.dll
Symbol file LoadedFromMemory is not a mono symbol file
Symbol file data-000001A973429010 doesn't match image C:\Users\mathi\Desktop\SDU\7. Semester\Social Technology Lab\Git\STL1-Destiny42\STL1 Boss Game\Library\ScriptAssemblies\UnityEngine.UI.dll
Symbol file LoadedFromMemory is not a mono symbol file
Symbol file data-000001A996CEC3D0 doesn't match image C:\Users\mathi\Desktop\SDU\7. Semester\Social Technology Lab\Git\STL1-Destiny42\STL1 Boss Game\Library\ScriptAssemblies\ParrelSync.dll
Symbol file LoadedFromMemory is not a mono symbol file
Native extension for WindowsStandalone target not found
Native extension for WebGL target not found
Refreshing native plugins compatible for Editor in 0.95 ms, found 2 plugins.
Preloading 0 native plugins for Editor in 0.00 ms.
Mono: successfully reloaded assembly
- Completed reload, in  0.997 seconds
Domain Reload Profiling:
	ReloadAssembly (998ms)
		BeginReloadAssembly (126ms)
			ExecutionOrderSort (0ms)
			DisableScriptedObjects (4ms)
			BackupInstance (0ms)
			ReleaseScriptingObjects (0ms)
			CreateAndSetChildDomain (29ms)
		EndReloadAssembly (804ms)
			LoadAssemblies (127ms)
			RebuildTransferFunctionScriptingTraits (0ms)
			SetupTypeCache (271ms)
			ReleaseScriptCaches (1ms)
			RebuildScriptCaches (39ms)
			SetupLoadedEditorAssemblies (287ms)
				LogAssemblyErrors (0ms)
				InitializePlatformSupportModulesInManaged (6ms)
				SetLoadedEditorAssemblies (0ms)
				RefreshPlugins (1ms)
				BeforeProcessingInitializeOnLoad (88ms)
				ProcessInitializeOnLoadAttributes (171ms)
				ProcessInitializeOnLoadMethodAttributes (9ms)
				AfterProcessingInitializeOnLoad (11ms)
				EditorAssembliesLoaded (0ms)
			ExecutionOrderSort2 (0ms)
			AwakeInstancesAfterBackupRestoration (6ms)
Platform modules already initialized, skipping
Refreshing native plugins compatible for Editor in 0.49 ms, found 2 plugins.
Preloading 0 native plugins for Editor in 0.00 ms.
Unloading 2202 Unused Serialized files (Serialized files now loaded: 0)
System memory in use before: 173.0 MB.
System memory in use after: 173.1 MB.

Unloading 13 unused Assets to reduce memory usage. Loaded Objects now: 2719.
Total: 2.717100 ms (FindLiveObjects: 0.184500 ms CreateObjectMapping: 0.092700 ms MarkObjects: 2.419000 ms  DeleteObjects: 0.019900 ms)

AssetImportParameters requested are different than current active one (requested -> active):
  custom:framework-win-MediaFoundation: 216162199b28c13a410421893ffa2e32 -> 
  custom:video-decoder-ogg-theora: a1e56fd34408186e4bbccfd4996cb3dc -> 
  custom:container-muxer-webm: aa71ff27fc2769a1b78a27578f13a17b -> 
  custom:container-demuxer-webm: 4f35f7cbe854078d1ac9338744f61a02 -> 
  custom:container-demuxer-ogg: 62fdf1f143b41e24485cea50d1cbac27 -> 
  custom:video-encoder-webm-vp8: eb34c28f22e8b96e1ab97ce403110664 -> 
  custom:video-decoder-webm-vp8: 9c59270c3fd7afecdb556c50c9e8de78 -> 
  custom:audio-decoder-ogg-vorbis: bf7c407c2cedff20999df2af8eb42d56 -> 
  custom:audio-encoder-webm-vorbis: bf7c407c2cedff20999df2af8eb42d56 -> 
========================================================================
Received Prepare
Registering precompiled user dll's ...
Registered in 0.006727 seconds.
Begin MonoManager ReloadAssembly
Symbol file data-000001A9E2171820 doesn't match image C:\Users\mathi\Desktop\SDU\7. Semester\Social Technology Lab\Git\STL1-Destiny42\STL1 Boss Game\Library\ScriptAssemblies\FishNet.Codegen.Cecil.dll
Symbol file LoadedFromMemory is not a mono symbol file
Symbol file data-000001A997062010 doesn't match image C:\Users\mathi\Desktop\SDU\7. Semester\Social Technology Lab\Git\STL1-Destiny42\STL1 Boss Game\Library\ScriptAssemblies\FishNet.Demos.dll
Symbol file LoadedFromMemory is not a mono symbol file
Symbol file data-000001A998016010 doesn't match image C:\Users\mathi\Desktop\SDU\7. Semester\Social Technology Lab\Git\STL1-Destiny42\STL1 Boss Game\Library\ScriptAssemblies\FishNet.Runtime.dll
Symbol file LoadedFromMemory is not a mono symbol file
Symbol file data-000001A997062010 doesn't match image C:\Users\mathi\Desktop\SDU\7. Semester\Social Technology Lab\Git\STL1-Destiny42\STL1 Boss Game\Library\ScriptAssemblies\Unity.Services.Core.Editor.dll
Symbol file LoadedFromMemory is not a mono symbol file
Symbol file data-000001A99780E6A0 doesn't match image C:\Users\mathi\Desktop\SDU\7. Semester\Social Technology Lab\Git\STL1-Destiny42\STL1 Boss Game\Library\ScriptAssemblies\Unity.VSCode.Editor.dll
Symbol file LoadedFromMemory is not a mono symbol file
Symbol file data-000001A99DD13C90 doesn't match image C:\Users\mathi\Desktop\SDU\7. Semester\Social Technology Lab\Git\STL1-Destiny42\STL1 Boss Game\Library\ScriptAssemblies\GameKit.Dependencies.dll
Symbol file LoadedFromMemory is not a mono symbol file
Symbol file data-000001A99A3D7020 doesn't match image C:\Users\mathi\Desktop\SDU\7. Semester\Social Technology Lab\Git\STL1-Destiny42\STL1 Boss Game\Library\ScriptAssemblies\Unity.TextMeshPro.Editor.dll
Symbol file LoadedFromMemory is not a mono symbol file
Symbol file data-000001A9E5FC7E60 doesn't match image C:\Users\mathi\Desktop\SDU\7. Semester\Social Technology Lab\Git\STL1-Destiny42\STL1 Boss Game\Library\ScriptAssemblies\Unity.VisualStudio.Editor.dll
Symbol file LoadedFromMemory is not a mono symbol file
Symbol file data-000001A996BC9020 doesn't match image C:\Users\mathi\Desktop\SDU\7. Semester\Social Technology Lab\Git\STL1-Destiny42\STL1 Boss Game\Library\ScriptAssemblies\UnityEngine.TestRunner.dll
Symbol file LoadedFromMemory is not a mono symbol file
Symbol file data-000001A998016010 doesn't match image C:\Users\mathi\Desktop\SDU\7. Semester\Social Technology Lab\Git\STL1-Destiny42\STL1 Boss Game\Library\ScriptAssemblies\Unity.Timeline.Editor.dll
Symbol file LoadedFromMemory is not a mono symbol file
Symbol file data-000001A99A3D7020 doesn't match image C:\Users\mathi\Desktop\SDU\7. Semester\Social Technology Lab\Git\STL1-Destiny42\STL1 Boss Game\Library\ScriptAssemblies\Unity.Timeline.dll
Symbol file LoadedFromMemory is not a mono symbol file
Symbol file data-000001A9E5BCC520 doesn't match image C:\Users\mathi\Desktop\SDU\7. Semester\Social Technology Lab\Git\STL1-Destiny42\STL1 Boss Game\Library\ScriptAssemblies\Unity.TextMeshPro.dll
Symbol file LoadedFromMemory is not a mono symbol file
Symbol file data-000001A996BC9020 doesn't match image C:\Users\mathi\Desktop\SDU\7. Semester\Social Technology Lab\Git\STL1-Destiny42\STL1 Boss Game\Library\ScriptAssemblies\Unity.CollabProxy.Editor.dll
Symbol file LoadedFromMemory is not a mono symbol file
Symbol file data-000001A9E7790060 doesn't match image C:\Users\mathi\Desktop\SDU\7. Semester\Social Technology Lab\Git\STL1-Destiny42\STL1 Boss Game\Library\ScriptAssemblies\UnityEditor.TestRunner.dll
Symbol file LoadedFromMemory is not a mono symbol file
Symbol file data-000001A973738F30 doesn't match image C:\Users\mathi\Desktop\SDU\7. Semester\Social Technology Lab\Git\STL1-Destiny42\STL1 Boss Game\Library\ScriptAssemblies\Unity.FishNet.Codegen.dll
Symbol file LoadedFromMemory is not a mono symbol file
Symbol file data-000001A997062010 doesn't match image C:\Users\mathi\Desktop\SDU\7. Semester\Social Technology Lab\Git\STL1-Destiny42\STL1 Boss Game\Library\ScriptAssemblies\GameKit.Utilities.dll
Symbol file LoadedFromMemory is not a mono symbol file
Symbol file data-000001A9E5FC7E60 doesn't match image C:\Users\mathi\Desktop\SDU\7. Semester\Social Technology Lab\Git\STL1-Destiny42\STL1 Boss Game\Library\ScriptAssemblies\UnityEditor.UI.dll
Symbol file LoadedFromMemory is not a mono symbol file
Symbol file data-000001A972FBEF60 doesn't match image C:\Users\mathi\Desktop\SDU\7. Semester\Social Technology Lab\Git\STL1-Destiny42\STL1 Boss Game\Library\ScriptAssemblies\Unity.PlasticSCM.Editor.dll
Symbol file LoadedFromMemory is not a mono symbol file
Symbol file data-000001A997062010 doesn't match image C:\Users\mathi\Desktop\SDU\7. Semester\Social Technology Lab\Git\STL1-Destiny42\STL1 Boss Game\Library\ScriptAssemblies\Unity.Rider.Editor.dll
Symbol file LoadedFromMemory is not a mono symbol file
Symbol file data-000001A973429010 doesn't match image C:\Users\mathi\Desktop\SDU\7. Semester\Social Technology Lab\Git\STL1-Destiny42\STL1 Boss Game\Library\ScriptAssemblies\UnityEngine.UI.dll
Symbol file LoadedFromMemory is not a mono symbol file
Symbol file data-000001A99B67A850 doesn't match image C:\Users\mathi\Desktop\SDU\7. Semester\Social Technology Lab\Git\STL1-Destiny42\STL1 Boss Game\Library\ScriptAssemblies\ParrelSync.dll
Symbol file LoadedFromMemory is not a mono symbol file
Native extension for WindowsStandalone target not found
Native extension for WebGL target not found
Refreshing native plugins compatible for Editor in 0.48 ms, found 2 plugins.
Preloading 0 native plugins for Editor in 0.00 ms.
Mono: successfully reloaded assembly
- Completed reload, in  1.107 seconds
Domain Reload Profiling:
	ReloadAssembly (1107ms)
		BeginReloadAssembly (138ms)
			ExecutionOrderSort (0ms)
			DisableScriptedObjects (6ms)
			BackupInstance (0ms)
			ReleaseScriptingObjects (0ms)
			CreateAndSetChildDomain (30ms)
		EndReloadAssembly (893ms)
			LoadAssemblies (127ms)
			RebuildTransferFunctionScriptingTraits (0ms)
			SetupTypeCache (323ms)
			ReleaseScriptCaches (1ms)
			RebuildScriptCaches (45ms)
			SetupLoadedEditorAssemblies (300ms)
				LogAssemblyErrors (0ms)
				InitializePlatformSupportModulesInManaged (6ms)
				SetLoadedEditorAssemblies (0ms)
				RefreshPlugins (1ms)
				BeforeProcessingInitializeOnLoad (90ms)
				ProcessInitializeOnLoadAttributes (179ms)
				ProcessInitializeOnLoadMethodAttributes (10ms)
				AfterProcessingInitializeOnLoad (13ms)
				EditorAssembliesLoaded (0ms)
			ExecutionOrderSort2 (0ms)
			AwakeInstancesAfterBackupRestoration (6ms)
Platform modules already initialized, skipping
Refreshing native plugins compatible for Editor in 0.74 ms, found 2 plugins.
Preloading 0 native plugins for Editor in 0.00 ms.
Unloading 2202 Unused Serialized files (Serialized files now loaded: 0)
System memory in use before: 173.1 MB.
System memory in use after: 173.4 MB.

Unloading 13 unused Assets to reduce memory usage. Loaded Objects now: 2722.
Total: 4.019200 ms (FindLiveObjects: 0.187100 ms CreateObjectMapping: 0.105800 ms MarkObjects: 3.703500 ms  DeleteObjects: 0.021900 ms)

AssetImportParameters requested are different than current active one (requested -> active):
  custom:framework-win-MediaFoundation: 216162199b28c13a410421893ffa2e32 -> 
  custom:video-decoder-ogg-theora: a1e56fd34408186e4bbccfd4996cb3dc -> 
  custom:container-muxer-webm: aa71ff27fc2769a1b78a27578f13a17b -> 
  custom:container-demuxer-webm: 4f35f7cbe854078d1ac9338744f61a02 -> 
  custom:container-demuxer-ogg: 62fdf1f143b41e24485cea50d1cbac27 -> 
  custom:video-encoder-webm-vp8: eb34c28f22e8b96e1ab97ce403110664 -> 
  custom:video-decoder-webm-vp8: 9c59270c3fd7afecdb556c50c9e8de78 -> 
  custom:audio-decoder-ogg-vorbis: bf7c407c2cedff20999df2af8eb42d56 -> 
  custom:audio-encoder-webm-vorbis: bf7c407c2cedff20999df2af8eb42d56 -> 
========================================================================
Received Prepare
Registering precompiled user dll's ...
Registered in 0.007849 seconds.
Begin MonoManager ReloadAssembly
Symbol file data-000001A9E2171820 doesn't match image C:\Users\mathi\Desktop\SDU\7. Semester\Social Technology Lab\Git\STL1-Destiny42\STL1 Boss Game\Library\ScriptAssemblies\FishNet.Codegen.Cecil.dll
Symbol file LoadedFromMemory is not a mono symbol file
Symbol file data-000001A996CE89A0 doesn't match image C:\Users\mathi\Desktop\SDU\7. Semester\Social Technology Lab\Git\STL1-Destiny42\STL1 Boss Game\Library\ScriptAssemblies\FishNet.Demos.dll
Symbol file LoadedFromMemory is not a mono symbol file
Symbol file data-000001A998016010 doesn't match image C:\Users\mathi\Desktop\SDU\7. Semester\Social Technology Lab\Git\STL1-Destiny42\STL1 Boss Game\Library\ScriptAssemblies\FishNet.Runtime.dll
Symbol file LoadedFromMemory is not a mono symbol file
Symbol file data-000001A996CE89A0 doesn't match image C:\Users\mathi\Desktop\SDU\7. Semester\Social Technology Lab\Git\STL1-Destiny42\STL1 Boss Game\Library\ScriptAssemblies\Unity.Services.Core.Editor.dll
Symbol file LoadedFromMemory is not a mono symbol file
Symbol file data-000001A99780E6A0 doesn't match image C:\Users\mathi\Desktop\SDU\7. Semester\Social Technology Lab\Git\STL1-Destiny42\STL1 Boss Game\Library\ScriptAssemblies\Unity.VSCode.Editor.dll
Symbol file LoadedFromMemory is not a mono symbol file
Symbol file data-000001A9981563B0 doesn't match image C:\Users\mathi\Desktop\SDU\7. Semester\Social Technology Lab\Git\STL1-Destiny42\STL1 Boss Game\Library\ScriptAssemblies\GameKit.Dependencies.dll
Symbol file LoadedFromMemory is not a mono symbol file
Symbol file data-000001A99A5D0F10 doesn't match image C:\Users\mathi\Desktop\SDU\7. Semester\Social Technology Lab\Git\STL1-Destiny42\STL1 Boss Game\Library\ScriptAssemblies\Unity.TextMeshPro.Editor.dll
Symbol file LoadedFromMemory is not a mono symbol file
Symbol file data-000001A9E0511A20 doesn't match image C:\Users\mathi\Desktop\SDU\7. Semester\Social Technology Lab\Git\STL1-Destiny42\STL1 Boss Game\Library\ScriptAssemblies\Unity.VisualStudio.Editor.dll
Symbol file LoadedFromMemory is not a mono symbol file
Symbol file data-000001A973052030 doesn't match image C:\Users\mathi\Desktop\SDU\7. Semester\Social Technology Lab\Git\STL1-Destiny42\STL1 Boss Game\Library\ScriptAssemblies\UnityEngine.TestRunner.dll
Symbol file LoadedFromMemory is not a mono symbol file
Symbol file data-000001A998016010 doesn't match image C:\Users\mathi\Desktop\SDU\7. Semester\Social Technology Lab\Git\STL1-Destiny42\STL1 Boss Game\Library\ScriptAssemblies\Unity.Timeline.Editor.dll
Symbol file LoadedFromMemory is not a mono symbol file
Symbol file data-000001A99A5D0F10 doesn't match image C:\Users\mathi\Desktop\SDU\7. Semester\Social Technology Lab\Git\STL1-Destiny42\STL1 Boss Game\Library\ScriptAssemblies\Unity.Timeline.dll
Symbol file LoadedFromMemory is not a mono symbol file
Symbol file data-000001A99896A020 doesn't match image C:\Users\mathi\Desktop\SDU\7. Semester\Social Technology Lab\Git\STL1-Destiny42\STL1 Boss Game\Library\ScriptAssemblies\Unity.TextMeshPro.dll
Symbol file LoadedFromMemory is not a mono symbol file
Symbol file data-000001A973052030 doesn't match image C:\Users\mathi\Desktop\SDU\7. Semester\Social Technology Lab\Git\STL1-Destiny42\STL1 Boss Game\Library\ScriptAssemblies\Unity.CollabProxy.Editor.dll
Symbol file LoadedFromMemory is not a mono symbol file
Symbol file data-000001A996DC2060 doesn't match image C:\Users\mathi\Desktop\SDU\7. Semester\Social Technology Lab\Git\STL1-Destiny42\STL1 Boss Game\Library\ScriptAssemblies\UnityEditor.TestRunner.dll
Symbol file LoadedFromMemory is not a mono symbol file
Symbol file data-000001A9E5C48020 doesn't match image C:\Users\mathi\Desktop\SDU\7. Semester\Social Technology Lab\Git\STL1-Destiny42\STL1 Boss Game\Library\ScriptAssemblies\Unity.FishNet.Codegen.dll
Symbol file LoadedFromMemory is not a mono symbol file
Symbol file data-000001A996CE89A0 doesn't match image C:\Users\mathi\Desktop\SDU\7. Semester\Social Technology Lab\Git\STL1-Destiny42\STL1 Boss Game\Library\ScriptAssemblies\GameKit.Utilities.dll
Symbol file LoadedFromMemory is not a mono symbol file
Symbol file data-000001A9E0511A20 doesn't match image C:\Users\mathi\Desktop\SDU\7. Semester\Social Technology Lab\Git\STL1-Destiny42\STL1 Boss Game\Library\ScriptAssemblies\UnityEditor.UI.dll
Symbol file LoadedFromMemory is not a mono symbol file
Symbol file data-000001A996B64020 doesn't match image C:\Users\mathi\Desktop\SDU\7. Semester\Social Technology Lab\Git\STL1-Destiny42\STL1 Boss Game\Library\ScriptAssemblies\Unity.PlasticSCM.Editor.dll
Symbol file LoadedFromMemory is not a mono symbol file
Symbol file data-000001A996CE89A0 doesn't match image C:\Users\mathi\Desktop\SDU\7. Semester\Social Technology Lab\Git\STL1-Destiny42\STL1 Boss Game\Library\ScriptAssemblies\Unity.Rider.Editor.dll
Symbol file LoadedFromMemory is not a mono symbol file
Symbol file data-000001A99A95CFE0 doesn't match image C:\Users\mathi\Desktop\SDU\7. Semester\Social Technology Lab\Git\STL1-Destiny42\STL1 Boss Game\Library\ScriptAssemblies\UnityEngine.UI.dll
Symbol file LoadedFromMemory is not a mono symbol file
Symbol file data-000001A997065A40 doesn't match image C:\Users\mathi\Desktop\SDU\7. Semester\Social Technology Lab\Git\STL1-Destiny42\STL1 Boss Game\Library\ScriptAssemblies\ParrelSync.dll
Symbol file LoadedFromMemory is not a mono symbol file
Native extension for WindowsStandalone target not found
Native extension for WebGL target not found
Refreshing native plugins compatible for Editor in 0.57 ms, found 2 plugins.
Preloading 0 native plugins for Editor in 0.00 ms.
Mono: successfully reloaded assembly
- Completed reload, in  1.153 seconds
Domain Reload Profiling:
	ReloadAssembly (1154ms)
		BeginReloadAssembly (166ms)
			ExecutionOrderSort (0ms)
			DisableScriptedObjects (5ms)
			BackupInstance (0ms)
			ReleaseScriptingObjects (0ms)
			CreateAndSetChildDomain (51ms)
		EndReloadAssembly (914ms)
			LoadAssemblies (137ms)
			RebuildTransferFunctionScriptingTraits (0ms)
			SetupTypeCache (319ms)
			ReleaseScriptCaches (2ms)
			RebuildScriptCaches (49ms)
			SetupLoadedEditorAssemblies (323ms)
				LogAssemblyErrors (0ms)
				InitializePlatformSupportModulesInManaged (6ms)
				SetLoadedEditorAssemblies (0ms)
				RefreshPlugins (1ms)
				BeforeProcessingInitializeOnLoad (102ms)
				ProcessInitializeOnLoadAttributes (191ms)
				ProcessInitializeOnLoadMethodAttributes (9ms)
				AfterProcessingInitializeOnLoad (13ms)
				EditorAssembliesLoaded (0ms)
			ExecutionOrderSort2 (0ms)
			AwakeInstancesAfterBackupRestoration (7ms)
Platform modules already initialized, skipping
Refreshing native plugins compatible for Editor in 0.74 ms, found 2 plugins.
Preloading 0 native plugins for Editor in 0.00 ms.
Unloading 2202 Unused Serialized files (Serialized files now loaded: 0)
System memory in use before: 173.1 MB.
System memory in use after: 173.4 MB.

Unloading 13 unused Assets to reduce memory usage. Loaded Objects now: 2725.
Total: 2.704200 ms (FindLiveObjects: 0.190600 ms CreateObjectMapping: 0.097800 ms MarkObjects: 2.392100 ms  DeleteObjects: 0.022700 ms)

AssetImportParameters requested are different than current active one (requested -> active):
  custom:framework-win-MediaFoundation: 216162199b28c13a410421893ffa2e32 -> 
  custom:video-decoder-ogg-theora: a1e56fd34408186e4bbccfd4996cb3dc -> 
  custom:container-muxer-webm: aa71ff27fc2769a1b78a27578f13a17b -> 
  custom:container-demuxer-webm: 4f35f7cbe854078d1ac9338744f61a02 -> 
  custom:container-demuxer-ogg: 62fdf1f143b41e24485cea50d1cbac27 -> 
  custom:video-encoder-webm-vp8: eb34c28f22e8b96e1ab97ce403110664 -> 
  custom:video-decoder-webm-vp8: 9c59270c3fd7afecdb556c50c9e8de78 -> 
  custom:audio-decoder-ogg-vorbis: bf7c407c2cedff20999df2af8eb42d56 -> 
  custom:audio-encoder-webm-vorbis: bf7c407c2cedff20999df2af8eb42d56 -> 
========================================================================
Received Prepare
Registering precompiled user dll's ...
Registered in 0.007369 seconds.
Begin MonoManager ReloadAssembly
Symbol file data-000001A9E2171820 doesn't match image C:\Users\mathi\Desktop\SDU\7. Semester\Social Technology Lab\Git\STL1-Destiny42\STL1 Boss Game\Library\ScriptAssemblies\FishNet.Codegen.Cecil.dll
Symbol file LoadedFromMemory is not a mono symbol file
Symbol file data-000001A9E77B4020 doesn't match image C:\Users\mathi\Desktop\SDU\7. Semester\Social Technology Lab\Git\STL1-Destiny42\STL1 Boss Game\Library\ScriptAssemblies\FishNet.Demos.dll
Symbol file LoadedFromMemory is not a mono symbol file
Symbol file data-000001A998016010 doesn't match image C:\Users\mathi\Desktop\SDU\7. Semester\Social Technology Lab\Git\STL1-Destiny42\STL1 Boss Game\Library\ScriptAssemblies\FishNet.Runtime.dll
Symbol file LoadedFromMemory is not a mono symbol file
Symbol file data-000001A9E77B4020 doesn't match image C:\Users\mathi\Desktop\SDU\7. Semester\Social Technology Lab\Git\STL1-Destiny42\STL1 Boss Game\Library\ScriptAssemblies\Unity.Services.Core.Editor.dll
Symbol file LoadedFromMemory is not a mono symbol file
Symbol file data-000001A99780E6A0 doesn't match image C:\Users\mathi\Desktop\SDU\7. Semester\Social Technology Lab\Git\STL1-Destiny42\STL1 Boss Game\Library\ScriptAssemblies\Unity.VSCode.Editor.dll
Symbol file LoadedFromMemory is not a mono symbol file
Symbol file data-000001A9EBEADE90 doesn't match image C:\Users\mathi\Desktop\SDU\7. Semester\Social Technology Lab\Git\STL1-Destiny42\STL1 Boss Game\Library\ScriptAssemblies\GameKit.Dependencies.dll
Symbol file LoadedFromMemory is not a mono symbol file
Symbol file data-000001A99A5D0F10 doesn't match image C:\Users\mathi\Desktop\SDU\7. Semester\Social Technology Lab\Git\STL1-Destiny42\STL1 Boss Game\Library\ScriptAssemblies\Unity.TextMeshPro.Editor.dll
Symbol file LoadedFromMemory is not a mono symbol file
Symbol file data-000001A9E0511A20 doesn't match image C:\Users\mathi\Desktop\SDU\7. Semester\Social Technology Lab\Git\STL1-Destiny42\STL1 Boss Game\Library\ScriptAssemblies\Unity.VisualStudio.Editor.dll
Symbol file LoadedFromMemory is not a mono symbol file
Symbol file data-000001A973052030 doesn't match image C:\Users\mathi\Desktop\SDU\7. Semester\Social Technology Lab\Git\STL1-Destiny42\STL1 Boss Game\Library\ScriptAssemblies\UnityEngine.TestRunner.dll
Symbol file LoadedFromMemory is not a mono symbol file
Symbol file data-000001A998016010 doesn't match image C:\Users\mathi\Desktop\SDU\7. Semester\Social Technology Lab\Git\STL1-Destiny42\STL1 Boss Game\Library\ScriptAssemblies\Unity.Timeline.Editor.dll
Symbol file LoadedFromMemory is not a mono symbol file
Symbol file data-000001A99A5D0F10 doesn't match image C:\Users\mathi\Desktop\SDU\7. Semester\Social Technology Lab\Git\STL1-Destiny42\STL1 Boss Game\Library\ScriptAssemblies\Unity.Timeline.dll
Symbol file LoadedFromMemory is not a mono symbol file
Symbol file data-000001A99896A020 doesn't match image C:\Users\mathi\Desktop\SDU\7. Semester\Social Technology Lab\Git\STL1-Destiny42\STL1 Boss Game\Library\ScriptAssemblies\Unity.TextMeshPro.dll
Symbol file LoadedFromMemory is not a mono symbol file
Symbol file data-000001A99B8FB010 doesn't match image C:\Users\mathi\Desktop\SDU\7. Semester\Social Technology Lab\Git\STL1-Destiny42\STL1 Boss Game\Library\ScriptAssemblies\Unity.CollabProxy.Editor.dll
Symbol file LoadedFromMemory is not a mono symbol file
Symbol file data-000001A996DC2060 doesn't match image C:\Users\mathi\Desktop\SDU\7. Semester\Social Technology Lab\Git\STL1-Destiny42\STL1 Boss Game\Library\ScriptAssemblies\UnityEditor.TestRunner.dll
Symbol file LoadedFromMemory is not a mono symbol file
Symbol file data-000001A9E5C48020 doesn't match image C:\Users\mathi\Desktop\SDU\7. Semester\Social Technology Lab\Git\STL1-Destiny42\STL1 Boss Game\Library\ScriptAssemblies\Unity.FishNet.Codegen.dll
Symbol file LoadedFromMemory is not a mono symbol file
Symbol file data-000001A9E77B4020 doesn't match image C:\Users\mathi\Desktop\SDU\7. Semester\Social Technology Lab\Git\STL1-Destiny42\STL1 Boss Game\Library\ScriptAssemblies\GameKit.Utilities.dll
Symbol file LoadedFromMemory is not a mono symbol file
Symbol file data-000001A9E0511A20 doesn't match image C:\Users\mathi\Desktop\SDU\7. Semester\Social Technology Lab\Git\STL1-Destiny42\STL1 Boss Game\Library\ScriptAssemblies\UnityEditor.UI.dll
Symbol file LoadedFromMemory is not a mono symbol file
Symbol file data-000001A996B64020 doesn't match image C:\Users\mathi\Desktop\SDU\7. Semester\Social Technology Lab\Git\STL1-Destiny42\STL1 Boss Game\Library\ScriptAssemblies\Unity.PlasticSCM.Editor.dll
Symbol file LoadedFromMemory is not a mono symbol file
Symbol file data-000001A9E77B4020 doesn't match image C:\Users\mathi\Desktop\SDU\7. Semester\Social Technology Lab\Git\STL1-Destiny42\STL1 Boss Game\Library\ScriptAssemblies\Unity.Rider.Editor.dll
Symbol file LoadedFromMemory is not a mono symbol file
Symbol file data-000001A9E8F01EA0 doesn't match image C:\Users\mathi\Desktop\SDU\7. Semester\Social Technology Lab\Git\STL1-Destiny42\STL1 Boss Game\Library\ScriptAssemblies\UnityEngine.UI.dll
Symbol file LoadedFromMemory is not a mono symbol file
Symbol file data-000001A9EB60F890 doesn't match image C:\Users\mathi\Desktop\SDU\7. Semester\Social Technology Lab\Git\STL1-Destiny42\STL1 Boss Game\Library\ScriptAssemblies\ParrelSync.dll
Symbol file LoadedFromMemory is not a mono symbol file
Native extension for WindowsStandalone target not found
Native extension for WebGL target not found
Refreshing native plugins compatible for Editor in 0.67 ms, found 2 plugins.
Preloading 0 native plugins for Editor in 0.00 ms.
Mono: successfully reloaded assembly
- Completed reload, in  1.156 seconds
Domain Reload Profiling:
	ReloadAssembly (1157ms)
		BeginReloadAssembly (124ms)
			ExecutionOrderSort (0ms)
			DisableScriptedObjects (4ms)
			BackupInstance (0ms)
			ReleaseScriptingObjects (0ms)
			CreateAndSetChildDomain (29ms)
		EndReloadAssembly (953ms)
			LoadAssemblies (125ms)
			RebuildTransferFunctionScriptingTraits (0ms)
			SetupTypeCache (319ms)
			ReleaseScriptCaches (1ms)
			RebuildScriptCaches (47ms)
			SetupLoadedEditorAssemblies (336ms)
				LogAssemblyErrors (0ms)
				InitializePlatformSupportModulesInManaged (6ms)
				SetLoadedEditorAssemblies (1ms)
				RefreshPlugins (1ms)
				BeforeProcessingInitializeOnLoad (108ms)
				ProcessInitializeOnLoadAttributes (200ms)
				ProcessInitializeOnLoadMethodAttributes (9ms)
				AfterProcessingInitializeOnLoad (11ms)
				EditorAssembliesLoaded (0ms)
			ExecutionOrderSort2 (0ms)
			AwakeInstancesAfterBackupRestoration (6ms)
Platform modules already initialized, skipping
Refreshing native plugins compatible for Editor in 0.67 ms, found 2 plugins.
Preloading 0 native plugins for Editor in 0.00 ms.
Unloading 2202 Unused Serialized files (Serialized files now loaded: 0)
System memory in use before: 173.1 MB.
System memory in use after: 173.4 MB.

Unloading 13 unused Assets to reduce memory usage. Loaded Objects now: 2728.
Total: 2.839500 ms (FindLiveObjects: 0.190300 ms CreateObjectMapping: 0.093500 ms MarkObjects: 2.530000 ms  DeleteObjects: 0.025000 ms)

AssetImportParameters requested are different than current active one (requested -> active):
  custom:framework-win-MediaFoundation: 216162199b28c13a410421893ffa2e32 -> 
  custom:video-decoder-ogg-theora: a1e56fd34408186e4bbccfd4996cb3dc -> 
  custom:container-muxer-webm: aa71ff27fc2769a1b78a27578f13a17b -> 
  custom:container-demuxer-webm: 4f35f7cbe854078d1ac9338744f61a02 -> 
  custom:container-demuxer-ogg: 62fdf1f143b41e24485cea50d1cbac27 -> 
  custom:video-encoder-webm-vp8: eb34c28f22e8b96e1ab97ce403110664 -> 
  custom:video-decoder-webm-vp8: 9c59270c3fd7afecdb556c50c9e8de78 -> 
  custom:audio-decoder-ogg-vorbis: bf7c407c2cedff20999df2af8eb42d56 -> 
  custom:audio-encoder-webm-vorbis: bf7c407c2cedff20999df2af8eb42d56 -> 
AssetImportWorkerClient::OnTransportError - code=2 error=End of file
